2022-10-28T11:08:52+00:00 CRITICAL Uncaught TypeError: Cannot access offset of type string on string in /var/web/site/public_html/wp-content/themes/ensswag/admin-theme/forms/set-ens-domains.php:111
Stack trace:
#0 /var/web/site/public_html/wp-includes/class-wp-hook.php(307): set_ens_domains('')
#1 /var/web/site/public_html/wp-includes/class-wp-hook.php(331): WP_Hook->apply_filters('', Array)
#2 /var/web/site/public_html/wp-includes/plugin.php(476): WP_Hook->do_action(Array)
#3 /var/web/site/public_html/wp-admin/admin-ajax.php(202): do_action('wp_ajax_nopriv_...')
#4 {main}
  thrown in /var/web/site/public_html/wp-content/themes/ensswag/admin-theme/forms/set-ens-domains.php on line 111

2022-10-28T11:08:53+00:00 CRITICAL Uncaught TypeError: Cannot access offset of type string on string in /var/web/site/public_html/wp-content/themes/ensswag/admin-theme/forms/set-ens-domains.php:111
Stack trace:
#0 /var/web/site/public_html/wp-includes/class-wp-hook.php(307): set_ens_domains('')
#1 /var/web/site/public_html/wp-includes/class-wp-hook.php(331): WP_Hook->apply_filters('', Array)
#2 /var/web/site/public_html/wp-includes/plugin.php(476): WP_Hook->do_action(Array)
#3 /var/web/site/public_html/wp-admin/admin-ajax.php(202): do_action('wp_ajax_nopriv_...')
#4 {main}
  thrown in /var/web/site/public_html/wp-content/themes/ensswag/admin-theme/forms/set-ens-domains.php on line 111

2022-10-28T11:08:55+00:00 CRITICAL Uncaught TypeError: Cannot access offset of type string on string in /var/web/site/public_html/wp-content/themes/ensswag/admin-theme/forms/set-ens-domains.php:111
Stack trace:
#0 /var/web/site/public_html/wp-includes/class-wp-hook.php(307): set_ens_domains('')
#1 /var/web/site/public_html/wp-includes/class-wp-hook.php(331): WP_Hook->apply_filters('', Array)
#2 /var/web/site/public_html/wp-includes/plugin.php(476): WP_Hook->do_action(Array)
#3 /var/web/site/public_html/wp-admin/admin-ajax.php(202): do_action('wp_ajax_nopriv_...')
#4 {main}
  thrown in /var/web/site/public_html/wp-content/themes/ensswag/admin-theme/forms/set-ens-domains.php on line 111

2022-10-28T11:08:55+00:00 CRITICAL Uncaught TypeError: Cannot access offset of type string on string in /var/web/site/public_html/wp-content/themes/ensswag/admin-theme/forms/set-ens-domains.php:111
Stack trace:
#0 /var/web/site/public_html/wp-includes/class-wp-hook.php(307): set_ens_domains('')
#1 /var/web/site/public_html/wp-includes/class-wp-hook.php(331): WP_Hook->apply_filters('', Array)
#2 /var/web/site/public_html/wp-includes/plugin.php(476): WP_Hook->do_action(Array)
#3 /var/web/site/public_html/wp-admin/admin-ajax.php(202): do_action('wp_ajax_nopriv_...')
#4 {main}
  thrown in /var/web/site/public_html/wp-content/themes/ensswag/admin-theme/forms/set-ens-domains.php on line 111

2022-10-28T11:08:58+00:00 CRITICAL Uncaught TypeError: Cannot access offset of type string on string in /var/web/site/public_html/wp-content/themes/ensswag/admin-theme/forms/set-ens-domains.php:111
Stack trace:
#0 /var/web/site/public_html/wp-includes/class-wp-hook.php(307): set_ens_domains('')
#1 /var/web/site/public_html/wp-includes/class-wp-hook.php(331): WP_Hook->apply_filters('', Array)
#2 /var/web/site/public_html/wp-includes/plugin.php(476): WP_Hook->do_action(Array)
#3 /var/web/site/public_html/wp-admin/admin-ajax.php(202): do_action('wp_ajax_nopriv_...')
#4 {main}
  thrown in /var/web/site/public_html/wp-content/themes/ensswag/admin-theme/forms/set-ens-domains.php on line 111

2022-10-28T11:08:59+00:00 CRITICAL Uncaught TypeError: Cannot access offset of type string on string in /var/web/site/public_html/wp-content/themes/ensswag/admin-theme/forms/set-ens-domains.php:111
Stack trace:
#0 /var/web/site/public_html/wp-includes/class-wp-hook.php(307): set_ens_domains('')
#1 /var/web/site/public_html/wp-includes/class-wp-hook.php(331): WP_Hook->apply_filters('', Array)
#2 /var/web/site/public_html/wp-includes/plugin.php(476): WP_Hook->do_action(Array)
#3 /var/web/site/public_html/wp-admin/admin-ajax.php(202): do_action('wp_ajax_nopriv_...')
#4 {main}
  thrown in /var/web/site/public_html/wp-content/themes/ensswag/admin-theme/forms/set-ens-domains.php on line 111

2022-10-28T11:10:08+00:00 CRITICAL Uncaught TypeError: Cannot access offset of type string on string in /var/web/site/public_html/wp-content/themes/ensswag/admin-theme/forms/set-ens-domains.php:111
Stack trace:
#0 /var/web/site/public_html/wp-includes/class-wp-hook.php(307): set_ens_domains('')
#1 /var/web/site/public_html/wp-includes/class-wp-hook.php(331): WP_Hook->apply_filters('', Array)
#2 /var/web/site/public_html/wp-includes/plugin.php(476): WP_Hook->do_action(Array)
#3 /var/web/site/public_html/wp-admin/admin-ajax.php(202): do_action('wp_ajax_nopriv_...')
#4 {main}
  thrown in /var/web/site/public_html/wp-content/themes/ensswag/admin-theme/forms/set-ens-domains.php on line 111

2022-10-28T11:10:08+00:00 CRITICAL Uncaught TypeError: Cannot access offset of type string on string in /var/web/site/public_html/wp-content/themes/ensswag/admin-theme/forms/set-ens-domains.php:111
Stack trace:
#0 /var/web/site/public_html/wp-includes/class-wp-hook.php(307): set_ens_domains('')
#1 /var/web/site/public_html/wp-includes/class-wp-hook.php(331): WP_Hook->apply_filters('', Array)
#2 /var/web/site/public_html/wp-includes/plugin.php(476): WP_Hook->do_action(Array)
#3 /var/web/site/public_html/wp-admin/admin-ajax.php(202): do_action('wp_ajax_nopriv_...')
#4 {main}
  thrown in /var/web/site/public_html/wp-content/themes/ensswag/admin-theme/forms/set-ens-domains.php on line 111

2022-10-28T11:10:09+00:00 CRITICAL Uncaught TypeError: Cannot access offset of type string on string in /var/web/site/public_html/wp-content/themes/ensswag/admin-theme/forms/set-ens-domains.php:111
Stack trace:
#0 /var/web/site/public_html/wp-includes/class-wp-hook.php(307): set_ens_domains('')
#1 /var/web/site/public_html/wp-includes/class-wp-hook.php(331): WP_Hook->apply_filters('', Array)
#2 /var/web/site/public_html/wp-includes/plugin.php(476): WP_Hook->do_action(Array)
#3 /var/web/site/public_html/wp-admin/admin-ajax.php(202): do_action('wp_ajax_nopriv_...')
#4 {main}
  thrown in /var/web/site/public_html/wp-content/themes/ensswag/admin-theme/forms/set-ens-domains.php on line 111

2022-10-28T11:10:09+00:00 CRITICAL Uncaught TypeError: Cannot access offset of type string on string in /var/web/site/public_html/wp-content/themes/ensswag/admin-theme/forms/set-ens-domains.php:111
Stack trace:
#0 /var/web/site/public_html/wp-includes/class-wp-hook.php(307): set_ens_domains('')
#1 /var/web/site/public_html/wp-includes/class-wp-hook.php(331): WP_Hook->apply_filters('', Array)
#2 /var/web/site/public_html/wp-includes/plugin.php(476): WP_Hook->do_action(Array)
#3 /var/web/site/public_html/wp-admin/admin-ajax.php(202): do_action('wp_ajax_nopriv_...')
#4 {main}
  thrown in /var/web/site/public_html/wp-content/themes/ensswag/admin-theme/forms/set-ens-domains.php on line 111

2022-10-28T20:51:55+00:00 CRITICAL Uncaught TypeError: Cannot access offset of type string on string in /var/web/site/public_html/wp-content/themes/ensswag/admin-theme/forms/set-ens-domains.php:111
Stack trace:
#0 /var/web/site/public_html/wp-includes/class-wp-hook.php(307): set_ens_domains('')
#1 /var/web/site/public_html/wp-includes/class-wp-hook.php(331): WP_Hook->apply_filters('', Array)
#2 /var/web/site/public_html/wp-includes/plugin.php(476): WP_Hook->do_action(Array)
#3 /var/web/site/public_html/wp-admin/admin-ajax.php(202): do_action('wp_ajax_nopriv_...')
#4 {main}
  thrown in /var/web/site/public_html/wp-content/themes/ensswag/admin-theme/forms/set-ens-domains.php on line 111

2022-10-28T20:51:56+00:00 CRITICAL Uncaught TypeError: Cannot access offset of type string on string in /var/web/site/public_html/wp-content/themes/ensswag/admin-theme/forms/set-ens-domains.php:111
Stack trace:
#0 /var/web/site/public_html/wp-includes/class-wp-hook.php(307): set_ens_domains('')
#1 /var/web/site/public_html/wp-includes/class-wp-hook.php(331): WP_Hook->apply_filters('', Array)
#2 /var/web/site/public_html/wp-includes/plugin.php(476): WP_Hook->do_action(Array)
#3 /var/web/site/public_html/wp-admin/admin-ajax.php(202): do_action('wp_ajax_nopriv_...')
#4 {main}
  thrown in /var/web/site/public_html/wp-content/themes/ensswag/admin-theme/forms/set-ens-domains.php on line 111

2022-10-28T20:51:57+00:00 CRITICAL Uncaught TypeError: Cannot access offset of type string on string in /var/web/site/public_html/wp-content/themes/ensswag/admin-theme/forms/set-ens-domains.php:111
Stack trace:
#0 /var/web/site/public_html/wp-includes/class-wp-hook.php(307): set_ens_domains('')
#1 /var/web/site/public_html/wp-includes/class-wp-hook.php(331): WP_Hook->apply_filters('', Array)
#2 /var/web/site/public_html/wp-includes/plugin.php(476): WP_Hook->do_action(Array)
#3 /var/web/site/public_html/wp-admin/admin-ajax.php(202): do_action('wp_ajax_nopriv_...')
#4 {main}
  thrown in /var/web/site/public_html/wp-content/themes/ensswag/admin-theme/forms/set-ens-domains.php on line 111

