2022-10-25T10:44:40+00:00 CRITICAL Uncaught TypeError: Cannot access offset of type string on string in /var/web/site/public_html/wp-content/themes/ensswag/admin-theme/forms/set-ens-domains.php:113
Stack trace:
#0 /var/web/site/public_html/wp-includes/class-wp-hook.php(307): set_ens_domains('')
#1 /var/web/site/public_html/wp-includes/class-wp-hook.php(331): WP_Hook->apply_filters('', Array)
#2 /var/web/site/public_html/wp-includes/plugin.php(476): WP_Hook->do_action(Array)
#3 /var/web/site/public_html/wp-admin/admin-ajax.php(202): do_action('wp_ajax_nopriv_...')
#4 {main}
  thrown in /var/web/site/public_html/wp-content/themes/ensswag/admin-theme/forms/set-ens-domains.php on line 113

2022-10-25T10:47:06+00:00 CRITICAL Uncaught TypeError: Cannot access offset of type string on string in /var/web/site/public_html/wp-content/themes/ensswag/admin-theme/forms/set-ens-domains.php:113
Stack trace:
#0 /var/web/site/public_html/wp-includes/class-wp-hook.php(307): set_ens_domains('')
#1 /var/web/site/public_html/wp-includes/class-wp-hook.php(331): WP_Hook->apply_filters('', Array)
#2 /var/web/site/public_html/wp-includes/plugin.php(476): WP_Hook->do_action(Array)
#3 /var/web/site/public_html/wp-admin/admin-ajax.php(202): do_action('wp_ajax_nopriv_...')
#4 {main}
  thrown in /var/web/site/public_html/wp-content/themes/ensswag/admin-theme/forms/set-ens-domains.php on line 113

2022-10-25T10:49:46+00:00 CRITICAL Uncaught TypeError: Cannot access offset of type string on string in /var/web/site/public_html/wp-content/themes/ensswag/admin-theme/forms/set-ens-domains.php:113
Stack trace:
#0 /var/web/site/public_html/wp-includes/class-wp-hook.php(307): set_ens_domains('')
#1 /var/web/site/public_html/wp-includes/class-wp-hook.php(331): WP_Hook->apply_filters('', Array)
#2 /var/web/site/public_html/wp-includes/plugin.php(476): WP_Hook->do_action(Array)
#3 /var/web/site/public_html/wp-admin/admin-ajax.php(202): do_action('wp_ajax_nopriv_...')
#4 {main}
  thrown in /var/web/site/public_html/wp-content/themes/ensswag/admin-theme/forms/set-ens-domains.php on line 113

2022-10-25T10:52:20+00:00 CRITICAL Uncaught TypeError: Cannot access offset of type string on string in /var/web/site/public_html/wp-content/themes/ensswag/admin-theme/forms/set-ens-domains.php:113
Stack trace:
#0 /var/web/site/public_html/wp-includes/class-wp-hook.php(307): set_ens_domains('')
#1 /var/web/site/public_html/wp-includes/class-wp-hook.php(331): WP_Hook->apply_filters('', Array)
#2 /var/web/site/public_html/wp-includes/plugin.php(476): WP_Hook->do_action(Array)
#3 /var/web/site/public_html/wp-admin/admin-ajax.php(202): do_action('wp_ajax_nopriv_...')
#4 {main}
  thrown in /var/web/site/public_html/wp-content/themes/ensswag/admin-theme/forms/set-ens-domains.php on line 113

2022-10-25T10:52:26+00:00 CRITICAL Uncaught TypeError: Cannot access offset of type string on string in /var/web/site/public_html/wp-content/themes/ensswag/admin-theme/forms/set-ens-domains.php:113
Stack trace:
#0 /var/web/site/public_html/wp-includes/class-wp-hook.php(307): set_ens_domains('')
#1 /var/web/site/public_html/wp-includes/class-wp-hook.php(331): WP_Hook->apply_filters('', Array)
#2 /var/web/site/public_html/wp-includes/plugin.php(476): WP_Hook->do_action(Array)
#3 /var/web/site/public_html/wp-admin/admin-ajax.php(202): do_action('wp_ajax_nopriv_...')
#4 {main}
  thrown in /var/web/site/public_html/wp-content/themes/ensswag/admin-theme/forms/set-ens-domains.php on line 113

2022-10-25T10:52:30+00:00 CRITICAL Uncaught TypeError: Cannot access offset of type string on string in /var/web/site/public_html/wp-content/themes/ensswag/admin-theme/forms/set-ens-domains.php:113
Stack trace:
#0 /var/web/site/public_html/wp-includes/class-wp-hook.php(307): set_ens_domains('')
#1 /var/web/site/public_html/wp-includes/class-wp-hook.php(331): WP_Hook->apply_filters('', Array)
#2 /var/web/site/public_html/wp-includes/plugin.php(476): WP_Hook->do_action(Array)
#3 /var/web/site/public_html/wp-admin/admin-ajax.php(202): do_action('wp_ajax_nopriv_...')
#4 {main}
  thrown in /var/web/site/public_html/wp-content/themes/ensswag/admin-theme/forms/set-ens-domains.php on line 113

2022-10-25T10:52:34+00:00 CRITICAL Uncaught TypeError: Cannot access offset of type string on string in /var/web/site/public_html/wp-content/themes/ensswag/admin-theme/forms/set-ens-domains.php:113
Stack trace:
#0 /var/web/site/public_html/wp-includes/class-wp-hook.php(307): set_ens_domains('')
#1 /var/web/site/public_html/wp-includes/class-wp-hook.php(331): WP_Hook->apply_filters('', Array)
#2 /var/web/site/public_html/wp-includes/plugin.php(476): WP_Hook->do_action(Array)
#3 /var/web/site/public_html/wp-admin/admin-ajax.php(202): do_action('wp_ajax_nopriv_...')
#4 {main}
  thrown in /var/web/site/public_html/wp-content/themes/ensswag/admin-theme/forms/set-ens-domains.php on line 113

2022-10-25T10:52:38+00:00 CRITICAL Uncaught TypeError: Cannot access offset of type string on string in /var/web/site/public_html/wp-content/themes/ensswag/admin-theme/forms/set-ens-domains.php:113
Stack trace:
#0 /var/web/site/public_html/wp-includes/class-wp-hook.php(307): set_ens_domains('')
#1 /var/web/site/public_html/wp-includes/class-wp-hook.php(331): WP_Hook->apply_filters('', Array)
#2 /var/web/site/public_html/wp-includes/plugin.php(476): WP_Hook->do_action(Array)
#3 /var/web/site/public_html/wp-admin/admin-ajax.php(202): do_action('wp_ajax_nopriv_...')
#4 {main}
  thrown in /var/web/site/public_html/wp-content/themes/ensswag/admin-theme/forms/set-ens-domains.php on line 113

2022-10-25T10:52:47+00:00 CRITICAL Uncaught TypeError: Cannot access offset of type string on string in /var/web/site/public_html/wp-content/themes/ensswag/admin-theme/forms/set-ens-domains.php:113
Stack trace:
#0 /var/web/site/public_html/wp-includes/class-wp-hook.php(307): set_ens_domains('')
#1 /var/web/site/public_html/wp-includes/class-wp-hook.php(331): WP_Hook->apply_filters('', Array)
#2 /var/web/site/public_html/wp-includes/plugin.php(476): WP_Hook->do_action(Array)
#3 /var/web/site/public_html/wp-admin/admin-ajax.php(202): do_action('wp_ajax_nopriv_...')
#4 {main}
  thrown in /var/web/site/public_html/wp-content/themes/ensswag/admin-theme/forms/set-ens-domains.php on line 113

2022-10-25T10:54:26+00:00 CRITICAL Uncaught TypeError: Cannot access offset of type string on string in /var/web/site/public_html/wp-content/themes/ensswag/admin-theme/forms/set-ens-domains.php:113
Stack trace:
#0 /var/web/site/public_html/wp-includes/class-wp-hook.php(307): set_ens_domains('')
#1 /var/web/site/public_html/wp-includes/class-wp-hook.php(331): WP_Hook->apply_filters('', Array)
#2 /var/web/site/public_html/wp-includes/plugin.php(476): WP_Hook->do_action(Array)
#3 /var/web/site/public_html/wp-admin/admin-ajax.php(202): do_action('wp_ajax_nopriv_...')
#4 {main}
  thrown in /var/web/site/public_html/wp-content/themes/ensswag/admin-theme/forms/set-ens-domains.php on line 113

