2022-11-03T08:06:07+00:00 CRITICAL Uncaught Error: Call to undefined function get_field() in /var/web/site/public_html/wp-content/themes/ensswag/templates/webshop/webshop-category-header.php:4
Stack trace:
#0 /var/web/site/public_html/wp-content/themes/ensswag/templates/webshop/webshop-list.php(5): include()
#1 /var/web/site/public_html/wp-content/themes/ensswag/archive-product.php(3): include('/var/web/site/p...')
#2 /var/web/site/public_html/wp-includes/template-loader.php(106): include('/var/web/site/p...')
#3 /var/web/site/public_html/wp-blog-header.php(19): require_once('/var/web/site/p...')
#4 /var/web/site/public_html/index.php(17): require('/var/web/site/p...')
#5 {main}
  thrown in /var/web/site/public_html/wp-content/themes/ensswag/templates/webshop/webshop-category-header.php on line 4

2022-11-03T08:08:00+00:00 CRITICAL Uncaught Error: Call to undefined function get_field() in /var/web/site/public_html/wp-content/themes/ensswag/templates/webshop/webshop-category-header.php:4
Stack trace:
#0 /var/web/site/public_html/wp-content/themes/ensswag/templates/webshop/webshop-list.php(5): include()
#1 /var/web/site/public_html/wp-content/themes/ensswag/archive-product.php(3): include('/var/web/site/p...')
#2 /var/web/site/public_html/wp-includes/template-loader.php(106): include('/var/web/site/p...')
#3 /var/web/site/public_html/wp-blog-header.php(19): require_once('/var/web/site/p...')
#4 /var/web/site/public_html/index.php(17): require('/var/web/site/p...')
#5 {main}
  thrown in /var/web/site/public_html/wp-content/themes/ensswag/templates/webshop/webshop-category-header.php on line 4

2022-11-03T08:08:07+00:00 CRITICAL Uncaught Error: Call to undefined function get_field() in /var/web/site/public_html/wp-content/themes/ensswag/templates/webshop/webshop-category-header.php:4
Stack trace:
#0 /var/web/site/public_html/wp-content/themes/ensswag/templates/webshop/webshop-list.php(5): include()
#1 /var/web/site/public_html/wp-content/themes/ensswag/archive-product.php(3): include('/var/web/site/p...')
#2 /var/web/site/public_html/wp-includes/template-loader.php(106): include('/var/web/site/p...')
#3 /var/web/site/public_html/wp-blog-header.php(19): require_once('/var/web/site/p...')
#4 /var/web/site/public_html/index.php(17): require('/var/web/site/p...')
#5 {main}
  thrown in /var/web/site/public_html/wp-content/themes/ensswag/templates/webshop/webshop-category-header.php on line 4

2022-11-03T08:08:09+00:00 CRITICAL Uncaught Error: Call to undefined function get_field() in /var/web/site/public_html/wp-content/themes/ensswag/templates/webshop/webshop-category-header.php:4
Stack trace:
#0 /var/web/site/public_html/wp-content/themes/ensswag/templates/webshop/webshop-list.php(5): include()
#1 /var/web/site/public_html/wp-content/themes/ensswag/archive-product.php(3): include('/var/web/site/p...')
#2 /var/web/site/public_html/wp-includes/template-loader.php(106): include('/var/web/site/p...')
#3 /var/web/site/public_html/wp-blog-header.php(19): require_once('/var/web/site/p...')
#4 /var/web/site/public_html/index.php(17): require('/var/web/site/p...')
#5 {main}
  thrown in /var/web/site/public_html/wp-content/themes/ensswag/templates/webshop/webshop-category-header.php on line 4

2022-11-03T08:08:11+00:00 CRITICAL Uncaught Error: Call to undefined function get_field() in /var/web/site/public_html/wp-content/themes/ensswag/templates/webshop/webshop-category-header.php:4
Stack trace:
#0 /var/web/site/public_html/wp-content/themes/ensswag/templates/webshop/webshop-list.php(5): include()
#1 /var/web/site/public_html/wp-content/themes/ensswag/archive-product.php(3): include('/var/web/site/p...')
#2 /var/web/site/public_html/wp-includes/template-loader.php(106): include('/var/web/site/p...')
#3 /var/web/site/public_html/wp-blog-header.php(19): require_once('/var/web/site/p...')
#4 /var/web/site/public_html/index.php(17): require('/var/web/site/p...')
#5 {main}
  thrown in /var/web/site/public_html/wp-content/themes/ensswag/templates/webshop/webshop-category-header.php on line 4

2022-11-03T08:18:21+00:00 CRITICAL Uncaught Error: Call to undefined function get_field() in /var/web/site/public_html/wp-content/themes/ensswag/templates/webshop/webshop-category-header.php:4
Stack trace:
#0 /var/web/site/public_html/wp-content/themes/ensswag/templates/webshop/webshop-list.php(5): include()
#1 /var/web/site/public_html/wp-content/themes/ensswag/archive-product.php(3): include('/var/web/site/p...')
#2 /var/web/site/public_html/wp-includes/template-loader.php(106): include('/var/web/site/p...')
#3 /var/web/site/public_html/wp-blog-header.php(19): require_once('/var/web/site/p...')
#4 /var/web/site/public_html/index.php(17): require('/var/web/site/p...')
#5 {main}
  thrown in /var/web/site/public_html/wp-content/themes/ensswag/templates/webshop/webshop-category-header.php on line 4

2022-11-03T08:18:23+00:00 CRITICAL Uncaught Error: Call to undefined function get_field() in /var/web/site/public_html/wp-content/themes/ensswag/templates/webshop/webshop-category-header.php:4
Stack trace:
#0 /var/web/site/public_html/wp-content/themes/ensswag/templates/webshop/webshop-list.php(5): include()
#1 /var/web/site/public_html/wp-content/themes/ensswag/archive-product.php(3): include('/var/web/site/p...')
#2 /var/web/site/public_html/wp-includes/template-loader.php(106): include('/var/web/site/p...')
#3 /var/web/site/public_html/wp-blog-header.php(19): require_once('/var/web/site/p...')
#4 /var/web/site/public_html/index.php(17): require('/var/web/site/p...')
#5 {main}
  thrown in /var/web/site/public_html/wp-content/themes/ensswag/templates/webshop/webshop-category-header.php on line 4

2022-11-03T08:18:25+00:00 CRITICAL Uncaught Error: Call to undefined function get_field() in /var/web/site/public_html/wp-content/themes/ensswag/templates/webshop/webshop-category-header.php:4
Stack trace:
#0 /var/web/site/public_html/wp-content/themes/ensswag/templates/webshop/webshop-list.php(5): include()
#1 /var/web/site/public_html/wp-content/themes/ensswag/archive-product.php(3): include('/var/web/site/p...')
#2 /var/web/site/public_html/wp-includes/template-loader.php(106): include('/var/web/site/p...')
#3 /var/web/site/public_html/wp-blog-header.php(19): require_once('/var/web/site/p...')
#4 /var/web/site/public_html/index.php(17): require('/var/web/site/p...')
#5 {main}
  thrown in /var/web/site/public_html/wp-content/themes/ensswag/templates/webshop/webshop-category-header.php on line 4

2022-11-03T08:18:47+00:00 CRITICAL Uncaught Error: Call to undefined function get_field() in /var/web/site/public_html/wp-content/themes/ensswag/templates/webshop/webshop-category-header.php:4
Stack trace:
#0 /var/web/site/public_html/wp-content/themes/ensswag/templates/webshop/webshop-list.php(5): include()
#1 /var/web/site/public_html/wp-content/themes/ensswag/archive-product.php(3): include('/var/web/site/p...')
#2 /var/web/site/public_html/wp-includes/template-loader.php(106): include('/var/web/site/p...')
#3 /var/web/site/public_html/wp-blog-header.php(19): require_once('/var/web/site/p...')
#4 /var/web/site/public_html/index.php(17): require('/var/web/site/p...')
#5 {main}
  thrown in /var/web/site/public_html/wp-content/themes/ensswag/templates/webshop/webshop-category-header.php on line 4

2022-11-03T08:19:36+00:00 CRITICAL Uncaught Error: Call to undefined function get_field() in /var/web/site/public_html/wp-content/themes/ensswag/templates/webshop/webshop-category-header.php:4
Stack trace:
#0 /var/web/site/public_html/wp-content/themes/ensswag/templates/webshop/webshop-list.php(5): include()
#1 /var/web/site/public_html/wp-content/themes/ensswag/archive-product.php(3): include('/var/web/site/p...')
#2 /var/web/site/public_html/wp-includes/template-loader.php(106): include('/var/web/site/p...')
#3 /var/web/site/public_html/wp-blog-header.php(19): require_once('/var/web/site/p...')
#4 /var/web/site/public_html/index.php(17): require('/var/web/site/p...')
#5 {main}
  thrown in /var/web/site/public_html/wp-content/themes/ensswag/templates/webshop/webshop-category-header.php on line 4

2022-11-03T08:19:38+00:00 CRITICAL Uncaught Error: Call to undefined function get_field() in /var/web/site/public_html/wp-content/themes/ensswag/templates/webshop/webshop-category-header.php:4
Stack trace:
#0 /var/web/site/public_html/wp-content/themes/ensswag/templates/webshop/webshop-list.php(5): include()
#1 /var/web/site/public_html/wp-content/themes/ensswag/archive-product.php(3): include('/var/web/site/p...')
#2 /var/web/site/public_html/wp-includes/template-loader.php(106): include('/var/web/site/p...')
#3 /var/web/site/public_html/wp-blog-header.php(19): require_once('/var/web/site/p...')
#4 /var/web/site/public_html/index.php(17): require('/var/web/site/p...')
#5 {main}
  thrown in /var/web/site/public_html/wp-content/themes/ensswag/templates/webshop/webshop-category-header.php on line 4

2022-11-03T08:19:45+00:00 CRITICAL Uncaught Error: Call to undefined function get_field() in /var/web/site/public_html/wp-content/themes/ensswag/templates/webshop/webshop-category-header.php:4
Stack trace:
#0 /var/web/site/public_html/wp-content/themes/ensswag/templates/webshop/webshop-list.php(5): include()
#1 /var/web/site/public_html/wp-content/themes/ensswag/archive-product.php(3): include('/var/web/site/p...')
#2 /var/web/site/public_html/wp-includes/template-loader.php(106): include('/var/web/site/p...')
#3 /var/web/site/public_html/wp-blog-header.php(19): require_once('/var/web/site/p...')
#4 /var/web/site/public_html/index.php(17): require('/var/web/site/p...')
#5 {main}
  thrown in /var/web/site/public_html/wp-content/themes/ensswag/templates/webshop/webshop-category-header.php on line 4

2022-11-03T08:19:53+00:00 CRITICAL Uncaught Error: Call to undefined function get_field() in /var/web/site/public_html/wp-content/themes/ensswag/templates/webshop/webshop-category-header.php:4
Stack trace:
#0 /var/web/site/public_html/wp-content/themes/ensswag/templates/webshop/webshop-list.php(5): include()
#1 /var/web/site/public_html/wp-content/themes/ensswag/archive-product.php(3): include('/var/web/site/p...')
#2 /var/web/site/public_html/wp-includes/template-loader.php(106): include('/var/web/site/p...')
#3 /var/web/site/public_html/wp-blog-header.php(19): require_once('/var/web/site/p...')
#4 /var/web/site/public_html/index.php(17): require('/var/web/site/p...')
#5 {main}
  thrown in /var/web/site/public_html/wp-content/themes/ensswag/templates/webshop/webshop-category-header.php on line 4

2022-11-03T08:19:55+00:00 CRITICAL Uncaught Error: Call to undefined function get_field() in /var/web/site/public_html/wp-content/themes/ensswag/templates/webshop/webshop-category-header.php:4
Stack trace:
#0 /var/web/site/public_html/wp-content/themes/ensswag/templates/webshop/webshop-list.php(5): include()
#1 /var/web/site/public_html/wp-content/themes/ensswag/archive-product.php(3): include('/var/web/site/p...')
#2 /var/web/site/public_html/wp-includes/template-loader.php(106): include('/var/web/site/p...')
#3 /var/web/site/public_html/wp-blog-header.php(19): require_once('/var/web/site/p...')
#4 /var/web/site/public_html/index.php(17): require('/var/web/site/p...')
#5 {main}
  thrown in /var/web/site/public_html/wp-content/themes/ensswag/templates/webshop/webshop-category-header.php on line 4

2022-11-03T08:21:47+00:00 CRITICAL Uncaught Error: Call to undefined function get_field() in /var/web/site/public_html/wp-content/themes/ensswag/templates/webshop/webshop-category-header.php:4
Stack trace:
#0 /var/web/site/public_html/wp-content/themes/ensswag/templates/webshop/webshop-list.php(5): include()
#1 /var/web/site/public_html/wp-content/themes/ensswag/archive-product.php(3): include('/var/web/site/p...')
#2 /var/web/site/public_html/wp-includes/template-loader.php(106): include('/var/web/site/p...')
#3 /var/web/site/public_html/wp-blog-header.php(19): require_once('/var/web/site/p...')
#4 /var/web/site/public_html/index.php(17): require('/var/web/site/p...')
#5 {main}
  thrown in /var/web/site/public_html/wp-content/themes/ensswag/templates/webshop/webshop-category-header.php on line 4

2022-11-03T08:21:49+00:00 CRITICAL Uncaught Error: Call to undefined function get_field() in /var/web/site/public_html/wp-content/themes/ensswag/templates/webshop/webshop-category-header.php:4
Stack trace:
#0 /var/web/site/public_html/wp-content/themes/ensswag/templates/webshop/webshop-list.php(5): include()
#1 /var/web/site/public_html/wp-content/themes/ensswag/archive-product.php(3): include('/var/web/site/p...')
#2 /var/web/site/public_html/wp-includes/template-loader.php(106): include('/var/web/site/p...')
#3 /var/web/site/public_html/wp-blog-header.php(19): require_once('/var/web/site/p...')
#4 /var/web/site/public_html/index.php(17): require('/var/web/site/p...')
#5 {main}
  thrown in /var/web/site/public_html/wp-content/themes/ensswag/templates/webshop/webshop-category-header.php on line 4

2022-11-03T08:21:51+00:00 CRITICAL Uncaught Error: Call to undefined function get_field() in /var/web/site/public_html/wp-content/themes/ensswag/templates/webshop/webshop-category-header.php:4
Stack trace:
#0 /var/web/site/public_html/wp-content/themes/ensswag/templates/webshop/webshop-list.php(5): include()
#1 /var/web/site/public_html/wp-content/themes/ensswag/archive-product.php(3): include('/var/web/site/p...')
#2 /var/web/site/public_html/wp-includes/template-loader.php(106): include('/var/web/site/p...')
#3 /var/web/site/public_html/wp-blog-header.php(19): require_once('/var/web/site/p...')
#4 /var/web/site/public_html/index.php(17): require('/var/web/site/p...')
#5 {main}
  thrown in /var/web/site/public_html/wp-content/themes/ensswag/templates/webshop/webshop-category-header.php on line 4

2022-11-03T08:22:01+00:00 CRITICAL Uncaught Error: Call to undefined function get_field() in /var/web/site/public_html/wp-content/themes/ensswag/templates/webshop/webshop-category-header.php:4
Stack trace:
#0 /var/web/site/public_html/wp-content/themes/ensswag/templates/webshop/webshop-list.php(5): include()
#1 /var/web/site/public_html/wp-content/themes/ensswag/archive-product.php(3): include('/var/web/site/p...')
#2 /var/web/site/public_html/wp-includes/template-loader.php(106): include('/var/web/site/p...')
#3 /var/web/site/public_html/wp-blog-header.php(19): require_once('/var/web/site/p...')
#4 /var/web/site/public_html/index.php(17): require('/var/web/site/p...')
#5 {main}
  thrown in /var/web/site/public_html/wp-content/themes/ensswag/templates/webshop/webshop-category-header.php on line 4

2022-11-03T08:22:03+00:00 CRITICAL Uncaught Error: Call to undefined function get_field() in /var/web/site/public_html/wp-content/themes/ensswag/templates/webshop/webshop-category-header.php:4
Stack trace:
#0 /var/web/site/public_html/wp-content/themes/ensswag/templates/webshop/webshop-list.php(5): include()
#1 /var/web/site/public_html/wp-content/themes/ensswag/archive-product.php(3): include('/var/web/site/p...')
#2 /var/web/site/public_html/wp-includes/template-loader.php(106): include('/var/web/site/p...')
#3 /var/web/site/public_html/wp-blog-header.php(19): require_once('/var/web/site/p...')
#4 /var/web/site/public_html/index.php(17): require('/var/web/site/p...')
#5 {main}
  thrown in /var/web/site/public_html/wp-content/themes/ensswag/templates/webshop/webshop-category-header.php on line 4

2022-11-03T08:22:12+00:00 CRITICAL Uncaught Error: Call to undefined function get_field() in /var/web/site/public_html/wp-content/themes/ensswag/templates/webshop/webshop-category-header.php:4
Stack trace:
#0 /var/web/site/public_html/wp-content/themes/ensswag/templates/webshop/webshop-list.php(5): include()
#1 /var/web/site/public_html/wp-content/themes/ensswag/archive-product.php(3): include('/var/web/site/p...')
#2 /var/web/site/public_html/wp-includes/template-loader.php(106): include('/var/web/site/p...')
#3 /var/web/site/public_html/wp-blog-header.php(19): require_once('/var/web/site/p...')
#4 /var/web/site/public_html/index.php(17): require('/var/web/site/p...')
#5 {main}
  thrown in /var/web/site/public_html/wp-content/themes/ensswag/templates/webshop/webshop-category-header.php on line 4

2022-11-03T19:48:34+00:00 CRITICAL Uncaught TypeError: Cannot access offset of type string on string in /var/web/site/public_html/wp-content/themes/ensswag/admin-theme/forms/set-ens-domains.php:111
Stack trace:
#0 /var/web/site/public_html/wp-includes/class-wp-hook.php(308): set_ens_domains('')
#1 /var/web/site/public_html/wp-includes/class-wp-hook.php(332): WP_Hook->apply_filters('', Array)
#2 /var/web/site/public_html/wp-includes/plugin.php(517): WP_Hook->do_action(Array)
#3 /var/web/site/public_html/wp-admin/admin-ajax.php(203): do_action('wp_ajax_nopriv_...')
#4 {main}
  thrown in /var/web/site/public_html/wp-content/themes/ensswag/admin-theme/forms/set-ens-domains.php on line 111

2022-11-03T19:48:34+00:00 CRITICAL Uncaught TypeError: Cannot access offset of type string on string in /var/web/site/public_html/wp-content/themes/ensswag/admin-theme/forms/set-ens-domains.php:111
Stack trace:
#0 /var/web/site/public_html/wp-includes/class-wp-hook.php(308): set_ens_domains('')
#1 /var/web/site/public_html/wp-includes/class-wp-hook.php(332): WP_Hook->apply_filters('', Array)
#2 /var/web/site/public_html/wp-includes/plugin.php(517): WP_Hook->do_action(Array)
#3 /var/web/site/public_html/wp-admin/admin-ajax.php(203): do_action('wp_ajax_nopriv_...')
#4 {main}
  thrown in /var/web/site/public_html/wp-content/themes/ensswag/admin-theme/forms/set-ens-domains.php on line 111

2022-11-03T19:48:34+00:00 CRITICAL Uncaught TypeError: Cannot access offset of type string on string in /var/web/site/public_html/wp-content/themes/ensswag/admin-theme/forms/set-ens-domains.php:111
Stack trace:
#0 /var/web/site/public_html/wp-includes/class-wp-hook.php(308): set_ens_domains('')
#1 /var/web/site/public_html/wp-includes/class-wp-hook.php(332): WP_Hook->apply_filters('', Array)
#2 /var/web/site/public_html/wp-includes/plugin.php(517): WP_Hook->do_action(Array)
#3 /var/web/site/public_html/wp-admin/admin-ajax.php(203): do_action('wp_ajax_nopriv_...')
#4 {main}
  thrown in /var/web/site/public_html/wp-content/themes/ensswag/admin-theme/forms/set-ens-domains.php on line 111

2022-11-03T19:48:35+00:00 CRITICAL Uncaught TypeError: Cannot access offset of type string on string in /var/web/site/public_html/wp-content/themes/ensswag/admin-theme/forms/set-ens-domains.php:111
Stack trace:
#0 /var/web/site/public_html/wp-includes/class-wp-hook.php(308): set_ens_domains('')
#1 /var/web/site/public_html/wp-includes/class-wp-hook.php(332): WP_Hook->apply_filters('', Array)
#2 /var/web/site/public_html/wp-includes/plugin.php(517): WP_Hook->do_action(Array)
#3 /var/web/site/public_html/wp-admin/admin-ajax.php(203): do_action('wp_ajax_nopriv_...')
#4 {main}
  thrown in /var/web/site/public_html/wp-content/themes/ensswag/admin-theme/forms/set-ens-domains.php on line 111

2022-11-03T19:48:35+00:00 CRITICAL Uncaught TypeError: Cannot access offset of type string on string in /var/web/site/public_html/wp-content/themes/ensswag/admin-theme/forms/set-ens-domains.php:111
Stack trace:
#0 /var/web/site/public_html/wp-includes/class-wp-hook.php(308): set_ens_domains('')
#1 /var/web/site/public_html/wp-includes/class-wp-hook.php(332): WP_Hook->apply_filters('', Array)
#2 /var/web/site/public_html/wp-includes/plugin.php(517): WP_Hook->do_action(Array)
#3 /var/web/site/public_html/wp-admin/admin-ajax.php(203): do_action('wp_ajax_nopriv_...')
#4 {main}
  thrown in /var/web/site/public_html/wp-content/themes/ensswag/admin-theme/forms/set-ens-domains.php on line 111

2022-11-03T19:48:47+00:00 CRITICAL Uncaught TypeError: Cannot access offset of type string on string in /var/web/site/public_html/wp-content/themes/ensswag/admin-theme/forms/set-ens-domains.php:111
Stack trace:
#0 /var/web/site/public_html/wp-includes/class-wp-hook.php(308): set_ens_domains('')
#1 /var/web/site/public_html/wp-includes/class-wp-hook.php(332): WP_Hook->apply_filters('', Array)
#2 /var/web/site/public_html/wp-includes/plugin.php(517): WP_Hook->do_action(Array)
#3 /var/web/site/public_html/wp-admin/admin-ajax.php(203): do_action('wp_ajax_nopriv_...')
#4 {main}
  thrown in /var/web/site/public_html/wp-content/themes/ensswag/admin-theme/forms/set-ens-domains.php on line 111

2022-11-03T19:48:50+00:00 CRITICAL Uncaught TypeError: Cannot access offset of type string on string in /var/web/site/public_html/wp-content/themes/ensswag/admin-theme/forms/set-ens-domains.php:111
Stack trace:
#0 /var/web/site/public_html/wp-includes/class-wp-hook.php(308): set_ens_domains('')
#1 /var/web/site/public_html/wp-includes/class-wp-hook.php(332): WP_Hook->apply_filters('', Array)
#2 /var/web/site/public_html/wp-includes/plugin.php(517): WP_Hook->do_action(Array)
#3 /var/web/site/public_html/wp-admin/admin-ajax.php(203): do_action('wp_ajax_nopriv_...')
#4 {main}
  thrown in /var/web/site/public_html/wp-content/themes/ensswag/admin-theme/forms/set-ens-domains.php on line 111

2022-11-03T19:48:52+00:00 CRITICAL Uncaught TypeError: Cannot access offset of type string on string in /var/web/site/public_html/wp-content/themes/ensswag/admin-theme/forms/set-ens-domains.php:111
Stack trace:
#0 /var/web/site/public_html/wp-includes/class-wp-hook.php(308): set_ens_domains('')
#1 /var/web/site/public_html/wp-includes/class-wp-hook.php(332): WP_Hook->apply_filters('', Array)
#2 /var/web/site/public_html/wp-includes/plugin.php(517): WP_Hook->do_action(Array)
#3 /var/web/site/public_html/wp-admin/admin-ajax.php(203): do_action('wp_ajax_nopriv_...')
#4 {main}
  thrown in /var/web/site/public_html/wp-content/themes/ensswag/admin-theme/forms/set-ens-domains.php on line 111

2022-11-03T19:48:55+00:00 CRITICAL Uncaught TypeError: Cannot access offset of type string on string in /var/web/site/public_html/wp-content/themes/ensswag/admin-theme/forms/set-ens-domains.php:111
Stack trace:
#0 /var/web/site/public_html/wp-includes/class-wp-hook.php(308): set_ens_domains('')
#1 /var/web/site/public_html/wp-includes/class-wp-hook.php(332): WP_Hook->apply_filters('', Array)
#2 /var/web/site/public_html/wp-includes/plugin.php(517): WP_Hook->do_action(Array)
#3 /var/web/site/public_html/wp-admin/admin-ajax.php(203): do_action('wp_ajax_nopriv_...')
#4 {main}
  thrown in /var/web/site/public_html/wp-content/themes/ensswag/admin-theme/forms/set-ens-domains.php on line 111

2022-11-03T19:48:55+00:00 CRITICAL Uncaught TypeError: Cannot access offset of type string on string in /var/web/site/public_html/wp-content/themes/ensswag/admin-theme/forms/set-ens-domains.php:111
Stack trace:
#0 /var/web/site/public_html/wp-includes/class-wp-hook.php(308): set_ens_domains('')
#1 /var/web/site/public_html/wp-includes/class-wp-hook.php(332): WP_Hook->apply_filters('', Array)
#2 /var/web/site/public_html/wp-includes/plugin.php(517): WP_Hook->do_action(Array)
#3 /var/web/site/public_html/wp-admin/admin-ajax.php(203): do_action('wp_ajax_nopriv_...')
#4 {main}
  thrown in /var/web/site/public_html/wp-content/themes/ensswag/admin-theme/forms/set-ens-domains.php on line 111

2022-11-03T19:48:58+00:00 CRITICAL Uncaught TypeError: Cannot access offset of type string on string in /var/web/site/public_html/wp-content/themes/ensswag/admin-theme/forms/set-ens-domains.php:111
Stack trace:
#0 /var/web/site/public_html/wp-includes/class-wp-hook.php(308): set_ens_domains('')
#1 /var/web/site/public_html/wp-includes/class-wp-hook.php(332): WP_Hook->apply_filters('', Array)
#2 /var/web/site/public_html/wp-includes/plugin.php(517): WP_Hook->do_action(Array)
#3 /var/web/site/public_html/wp-admin/admin-ajax.php(203): do_action('wp_ajax_nopriv_...')
#4 {main}
  thrown in /var/web/site/public_html/wp-content/themes/ensswag/admin-theme/forms/set-ens-domains.php on line 111

2022-11-03T19:48:58+00:00 CRITICAL Uncaught TypeError: Cannot access offset of type string on string in /var/web/site/public_html/wp-content/themes/ensswag/admin-theme/forms/set-ens-domains.php:111
Stack trace:
#0 /var/web/site/public_html/wp-includes/class-wp-hook.php(308): set_ens_domains('')
#1 /var/web/site/public_html/wp-includes/class-wp-hook.php(332): WP_Hook->apply_filters('', Array)
#2 /var/web/site/public_html/wp-includes/plugin.php(517): WP_Hook->do_action(Array)
#3 /var/web/site/public_html/wp-admin/admin-ajax.php(203): do_action('wp_ajax_nopriv_...')
#4 {main}
  thrown in /var/web/site/public_html/wp-content/themes/ensswag/admin-theme/forms/set-ens-domains.php on line 111

2022-11-03T19:49:02+00:00 CRITICAL Uncaught TypeError: Cannot access offset of type string on string in /var/web/site/public_html/wp-content/themes/ensswag/admin-theme/forms/set-ens-domains.php:111
Stack trace:
#0 /var/web/site/public_html/wp-includes/class-wp-hook.php(308): set_ens_domains('')
#1 /var/web/site/public_html/wp-includes/class-wp-hook.php(332): WP_Hook->apply_filters('', Array)
#2 /var/web/site/public_html/wp-includes/plugin.php(517): WP_Hook->do_action(Array)
#3 /var/web/site/public_html/wp-admin/admin-ajax.php(203): do_action('wp_ajax_nopriv_...')
#4 {main}
  thrown in /var/web/site/public_html/wp-content/themes/ensswag/admin-theme/forms/set-ens-domains.php on line 111

2022-11-03T19:49:02+00:00 CRITICAL Uncaught TypeError: Cannot access offset of type string on string in /var/web/site/public_html/wp-content/themes/ensswag/admin-theme/forms/set-ens-domains.php:111
Stack trace:
#0 /var/web/site/public_html/wp-includes/class-wp-hook.php(308): set_ens_domains('')
#1 /var/web/site/public_html/wp-includes/class-wp-hook.php(332): WP_Hook->apply_filters('', Array)
#2 /var/web/site/public_html/wp-includes/plugin.php(517): WP_Hook->do_action(Array)
#3 /var/web/site/public_html/wp-admin/admin-ajax.php(203): do_action('wp_ajax_nopriv_...')
#4 {main}
  thrown in /var/web/site/public_html/wp-content/themes/ensswag/admin-theme/forms/set-ens-domains.php on line 111

2022-11-03T19:49:02+00:00 CRITICAL Uncaught TypeError: Cannot access offset of type string on string in /var/web/site/public_html/wp-content/themes/ensswag/admin-theme/forms/set-ens-domains.php:111
Stack trace:
#0 /var/web/site/public_html/wp-includes/class-wp-hook.php(308): set_ens_domains('')
#1 /var/web/site/public_html/wp-includes/class-wp-hook.php(332): WP_Hook->apply_filters('', Array)
#2 /var/web/site/public_html/wp-includes/plugin.php(517): WP_Hook->do_action(Array)
#3 /var/web/site/public_html/wp-admin/admin-ajax.php(203): do_action('wp_ajax_nopriv_...')
#4 {main}
  thrown in /var/web/site/public_html/wp-content/themes/ensswag/admin-theme/forms/set-ens-domains.php on line 111

2022-11-03T19:49:06+00:00 CRITICAL Uncaught TypeError: Cannot access offset of type string on string in /var/web/site/public_html/wp-content/themes/ensswag/admin-theme/forms/set-ens-domains.php:111
Stack trace:
#0 /var/web/site/public_html/wp-includes/class-wp-hook.php(308): set_ens_domains('')
#1 /var/web/site/public_html/wp-includes/class-wp-hook.php(332): WP_Hook->apply_filters('', Array)
#2 /var/web/site/public_html/wp-includes/plugin.php(517): WP_Hook->do_action(Array)
#3 /var/web/site/public_html/wp-admin/admin-ajax.php(203): do_action('wp_ajax_nopriv_...')
#4 {main}
  thrown in /var/web/site/public_html/wp-content/themes/ensswag/admin-theme/forms/set-ens-domains.php on line 111

2022-11-03T19:49:06+00:00 CRITICAL Uncaught TypeError: Cannot access offset of type string on string in /var/web/site/public_html/wp-content/themes/ensswag/admin-theme/forms/set-ens-domains.php:111
Stack trace:
#0 /var/web/site/public_html/wp-includes/class-wp-hook.php(308): set_ens_domains('')
#1 /var/web/site/public_html/wp-includes/class-wp-hook.php(332): WP_Hook->apply_filters('', Array)
#2 /var/web/site/public_html/wp-includes/plugin.php(517): WP_Hook->do_action(Array)
#3 /var/web/site/public_html/wp-admin/admin-ajax.php(203): do_action('wp_ajax_nopriv_...')
#4 {main}
  thrown in /var/web/site/public_html/wp-content/themes/ensswag/admin-theme/forms/set-ens-domains.php on line 111

2022-11-03T19:49:07+00:00 CRITICAL Uncaught TypeError: Cannot access offset of type string on string in /var/web/site/public_html/wp-content/themes/ensswag/admin-theme/forms/set-ens-domains.php:111
Stack trace:
#0 /var/web/site/public_html/wp-includes/class-wp-hook.php(308): set_ens_domains('')
#1 /var/web/site/public_html/wp-includes/class-wp-hook.php(332): WP_Hook->apply_filters('', Array)
#2 /var/web/site/public_html/wp-includes/plugin.php(517): WP_Hook->do_action(Array)
#3 /var/web/site/public_html/wp-admin/admin-ajax.php(203): do_action('wp_ajax_nopriv_...')
#4 {main}
  thrown in /var/web/site/public_html/wp-content/themes/ensswag/admin-theme/forms/set-ens-domains.php on line 111

2022-11-03T19:49:07+00:00 CRITICAL Uncaught TypeError: Cannot access offset of type string on string in /var/web/site/public_html/wp-content/themes/ensswag/admin-theme/forms/set-ens-domains.php:111
Stack trace:
#0 /var/web/site/public_html/wp-includes/class-wp-hook.php(308): set_ens_domains('')
#1 /var/web/site/public_html/wp-includes/class-wp-hook.php(332): WP_Hook->apply_filters('', Array)
#2 /var/web/site/public_html/wp-includes/plugin.php(517): WP_Hook->do_action(Array)
#3 /var/web/site/public_html/wp-admin/admin-ajax.php(203): do_action('wp_ajax_nopriv_...')
#4 {main}
  thrown in /var/web/site/public_html/wp-content/themes/ensswag/admin-theme/forms/set-ens-domains.php on line 111

2022-11-03T19:49:07+00:00 CRITICAL Uncaught TypeError: Cannot access offset of type string on string in /var/web/site/public_html/wp-content/themes/ensswag/admin-theme/forms/set-ens-domains.php:111
Stack trace:
#0 /var/web/site/public_html/wp-includes/class-wp-hook.php(308): set_ens_domains('')
#1 /var/web/site/public_html/wp-includes/class-wp-hook.php(332): WP_Hook->apply_filters('', Array)
#2 /var/web/site/public_html/wp-includes/plugin.php(517): WP_Hook->do_action(Array)
#3 /var/web/site/public_html/wp-admin/admin-ajax.php(203): do_action('wp_ajax_nopriv_...')
#4 {main}
  thrown in /var/web/site/public_html/wp-content/themes/ensswag/admin-theme/forms/set-ens-domains.php on line 111

2022-11-03T19:50:03+00:00 CRITICAL Uncaught TypeError: Cannot access offset of type string on string in /var/web/site/public_html/wp-content/themes/ensswag/admin-theme/forms/set-ens-domains.php:111
Stack trace:
#0 /var/web/site/public_html/wp-includes/class-wp-hook.php(308): set_ens_domains('')
#1 /var/web/site/public_html/wp-includes/class-wp-hook.php(332): WP_Hook->apply_filters('', Array)
#2 /var/web/site/public_html/wp-includes/plugin.php(517): WP_Hook->do_action(Array)
#3 /var/web/site/public_html/wp-admin/admin-ajax.php(203): do_action('wp_ajax_nopriv_...')
#4 {main}
  thrown in /var/web/site/public_html/wp-content/themes/ensswag/admin-theme/forms/set-ens-domains.php on line 111

2022-11-03T19:50:03+00:00 CRITICAL Uncaught TypeError: Cannot access offset of type string on string in /var/web/site/public_html/wp-content/themes/ensswag/admin-theme/forms/set-ens-domains.php:111
Stack trace:
#0 /var/web/site/public_html/wp-includes/class-wp-hook.php(308): set_ens_domains('')
#1 /var/web/site/public_html/wp-includes/class-wp-hook.php(332): WP_Hook->apply_filters('', Array)
#2 /var/web/site/public_html/wp-includes/plugin.php(517): WP_Hook->do_action(Array)
#3 /var/web/site/public_html/wp-admin/admin-ajax.php(203): do_action('wp_ajax_nopriv_...')
#4 {main}
  thrown in /var/web/site/public_html/wp-content/themes/ensswag/admin-theme/forms/set-ens-domains.php on line 111

2022-11-03T19:50:06+00:00 CRITICAL Uncaught TypeError: Cannot access offset of type string on string in /var/web/site/public_html/wp-content/themes/ensswag/admin-theme/forms/set-ens-domains.php:111
Stack trace:
#0 /var/web/site/public_html/wp-includes/class-wp-hook.php(308): set_ens_domains('')
#1 /var/web/site/public_html/wp-includes/class-wp-hook.php(332): WP_Hook->apply_filters('', Array)
#2 /var/web/site/public_html/wp-includes/plugin.php(517): WP_Hook->do_action(Array)
#3 /var/web/site/public_html/wp-admin/admin-ajax.php(203): do_action('wp_ajax_nopriv_...')
#4 {main}
  thrown in /var/web/site/public_html/wp-content/themes/ensswag/admin-theme/forms/set-ens-domains.php on line 111

2022-11-03T19:50:07+00:00 CRITICAL Uncaught TypeError: Cannot access offset of type string on string in /var/web/site/public_html/wp-content/themes/ensswag/admin-theme/forms/set-ens-domains.php:111
Stack trace:
#0 /var/web/site/public_html/wp-includes/class-wp-hook.php(308): set_ens_domains('')
#1 /var/web/site/public_html/wp-includes/class-wp-hook.php(332): WP_Hook->apply_filters('', Array)
#2 /var/web/site/public_html/wp-includes/plugin.php(517): WP_Hook->do_action(Array)
#3 /var/web/site/public_html/wp-admin/admin-ajax.php(203): do_action('wp_ajax_nopriv_...')
#4 {main}
  thrown in /var/web/site/public_html/wp-content/themes/ensswag/admin-theme/forms/set-ens-domains.php on line 111

2022-11-03T19:50:07+00:00 CRITICAL Uncaught TypeError: Cannot access offset of type string on string in /var/web/site/public_html/wp-content/themes/ensswag/admin-theme/forms/set-ens-domains.php:111
Stack trace:
#0 /var/web/site/public_html/wp-includes/class-wp-hook.php(308): set_ens_domains('')
#1 /var/web/site/public_html/wp-includes/class-wp-hook.php(332): WP_Hook->apply_filters('', Array)
#2 /var/web/site/public_html/wp-includes/plugin.php(517): WP_Hook->do_action(Array)
#3 /var/web/site/public_html/wp-admin/admin-ajax.php(203): do_action('wp_ajax_nopriv_...')
#4 {main}
  thrown in /var/web/site/public_html/wp-content/themes/ensswag/admin-theme/forms/set-ens-domains.php on line 111

2022-11-03T19:50:07+00:00 CRITICAL Uncaught TypeError: Cannot access offset of type string on string in /var/web/site/public_html/wp-content/themes/ensswag/admin-theme/forms/set-ens-domains.php:111
Stack trace:
#0 /var/web/site/public_html/wp-includes/class-wp-hook.php(308): set_ens_domains('')
#1 /var/web/site/public_html/wp-includes/class-wp-hook.php(332): WP_Hook->apply_filters('', Array)
#2 /var/web/site/public_html/wp-includes/plugin.php(517): WP_Hook->do_action(Array)
#3 /var/web/site/public_html/wp-admin/admin-ajax.php(203): do_action('wp_ajax_nopriv_...')
#4 {main}
  thrown in /var/web/site/public_html/wp-content/themes/ensswag/admin-theme/forms/set-ens-domains.php on line 111

2022-11-03T19:50:07+00:00 CRITICAL Uncaught TypeError: Cannot access offset of type string on string in /var/web/site/public_html/wp-content/themes/ensswag/admin-theme/forms/set-ens-domains.php:111
Stack trace:
#0 /var/web/site/public_html/wp-includes/class-wp-hook.php(308): set_ens_domains('')
#1 /var/web/site/public_html/wp-includes/class-wp-hook.php(332): WP_Hook->apply_filters('', Array)
#2 /var/web/site/public_html/wp-includes/plugin.php(517): WP_Hook->do_action(Array)
#3 /var/web/site/public_html/wp-admin/admin-ajax.php(203): do_action('wp_ajax_nopriv_...')
#4 {main}
  thrown in /var/web/site/public_html/wp-content/themes/ensswag/admin-theme/forms/set-ens-domains.php on line 111

2022-11-03T19:50:22+00:00 CRITICAL Uncaught TypeError: Cannot access offset of type string on string in /var/web/site/public_html/wp-content/themes/ensswag/admin-theme/forms/set-ens-domains.php:111
Stack trace:
#0 /var/web/site/public_html/wp-includes/class-wp-hook.php(308): set_ens_domains('')
#1 /var/web/site/public_html/wp-includes/class-wp-hook.php(332): WP_Hook->apply_filters('', Array)
#2 /var/web/site/public_html/wp-includes/plugin.php(517): WP_Hook->do_action(Array)
#3 /var/web/site/public_html/wp-admin/admin-ajax.php(203): do_action('wp_ajax_nopriv_...')
#4 {main}
  thrown in /var/web/site/public_html/wp-content/themes/ensswag/admin-theme/forms/set-ens-domains.php on line 111

2022-11-03T19:50:22+00:00 CRITICAL Uncaught TypeError: Cannot access offset of type string on string in /var/web/site/public_html/wp-content/themes/ensswag/admin-theme/forms/set-ens-domains.php:111
Stack trace:
#0 /var/web/site/public_html/wp-includes/class-wp-hook.php(308): set_ens_domains('')
#1 /var/web/site/public_html/wp-includes/class-wp-hook.php(332): WP_Hook->apply_filters('', Array)
#2 /var/web/site/public_html/wp-includes/plugin.php(517): WP_Hook->do_action(Array)
#3 /var/web/site/public_html/wp-admin/admin-ajax.php(203): do_action('wp_ajax_nopriv_...')
#4 {main}
  thrown in /var/web/site/public_html/wp-content/themes/ensswag/admin-theme/forms/set-ens-domains.php on line 111

2022-11-03T19:50:26+00:00 CRITICAL Uncaught TypeError: Cannot access offset of type string on string in /var/web/site/public_html/wp-content/themes/ensswag/admin-theme/forms/set-ens-domains.php:111
Stack trace:
#0 /var/web/site/public_html/wp-includes/class-wp-hook.php(308): set_ens_domains('')
#1 /var/web/site/public_html/wp-includes/class-wp-hook.php(332): WP_Hook->apply_filters('', Array)
#2 /var/web/site/public_html/wp-includes/plugin.php(517): WP_Hook->do_action(Array)
#3 /var/web/site/public_html/wp-admin/admin-ajax.php(203): do_action('wp_ajax_nopriv_...')
#4 {main}
  thrown in /var/web/site/public_html/wp-content/themes/ensswag/admin-theme/forms/set-ens-domains.php on line 111

2022-11-03T19:50:26+00:00 CRITICAL Uncaught TypeError: Cannot access offset of type string on string in /var/web/site/public_html/wp-content/themes/ensswag/admin-theme/forms/set-ens-domains.php:111
Stack trace:
#0 /var/web/site/public_html/wp-includes/class-wp-hook.php(308): set_ens_domains('')
#1 /var/web/site/public_html/wp-includes/class-wp-hook.php(332): WP_Hook->apply_filters('', Array)
#2 /var/web/site/public_html/wp-includes/plugin.php(517): WP_Hook->do_action(Array)
#3 /var/web/site/public_html/wp-admin/admin-ajax.php(203): do_action('wp_ajax_nopriv_...')
#4 {main}
  thrown in /var/web/site/public_html/wp-content/themes/ensswag/admin-theme/forms/set-ens-domains.php on line 111

2022-11-03T19:50:26+00:00 CRITICAL Uncaught TypeError: Cannot access offset of type string on string in /var/web/site/public_html/wp-content/themes/ensswag/admin-theme/forms/set-ens-domains.php:111
Stack trace:
#0 /var/web/site/public_html/wp-includes/class-wp-hook.php(308): set_ens_domains('')
#1 /var/web/site/public_html/wp-includes/class-wp-hook.php(332): WP_Hook->apply_filters('', Array)
#2 /var/web/site/public_html/wp-includes/plugin.php(517): WP_Hook->do_action(Array)
#3 /var/web/site/public_html/wp-admin/admin-ajax.php(203): do_action('wp_ajax_nopriv_...')
#4 {main}
  thrown in /var/web/site/public_html/wp-content/themes/ensswag/admin-theme/forms/set-ens-domains.php on line 111

2022-11-03T19:50:27+00:00 CRITICAL Uncaught TypeError: Cannot access offset of type string on string in /var/web/site/public_html/wp-content/themes/ensswag/admin-theme/forms/set-ens-domains.php:111
Stack trace:
#0 /var/web/site/public_html/wp-includes/class-wp-hook.php(308): set_ens_domains('')
#1 /var/web/site/public_html/wp-includes/class-wp-hook.php(332): WP_Hook->apply_filters('', Array)
#2 /var/web/site/public_html/wp-includes/plugin.php(517): WP_Hook->do_action(Array)
#3 /var/web/site/public_html/wp-admin/admin-ajax.php(203): do_action('wp_ajax_nopriv_...')
#4 {main}
  thrown in /var/web/site/public_html/wp-content/themes/ensswag/admin-theme/forms/set-ens-domains.php on line 111

2022-11-03T19:52:41+00:00 CRITICAL Uncaught TypeError: Cannot access offset of type string on string in /var/web/site/public_html/wp-content/themes/ensswag/admin-theme/forms/set-ens-domains.php:111
Stack trace:
#0 /var/web/site/public_html/wp-includes/class-wp-hook.php(308): set_ens_domains('')
#1 /var/web/site/public_html/wp-includes/class-wp-hook.php(332): WP_Hook->apply_filters('', Array)
#2 /var/web/site/public_html/wp-includes/plugin.php(517): WP_Hook->do_action(Array)
#3 /var/web/site/public_html/wp-admin/admin-ajax.php(203): do_action('wp_ajax_nopriv_...')
#4 {main}
  thrown in /var/web/site/public_html/wp-content/themes/ensswag/admin-theme/forms/set-ens-domains.php on line 111

2022-11-03T19:52:45+00:00 CRITICAL Uncaught TypeError: Cannot access offset of type string on string in /var/web/site/public_html/wp-content/themes/ensswag/admin-theme/forms/set-ens-domains.php:111
Stack trace:
#0 /var/web/site/public_html/wp-includes/class-wp-hook.php(308): set_ens_domains('')
#1 /var/web/site/public_html/wp-includes/class-wp-hook.php(332): WP_Hook->apply_filters('', Array)
#2 /var/web/site/public_html/wp-includes/plugin.php(517): WP_Hook->do_action(Array)
#3 /var/web/site/public_html/wp-admin/admin-ajax.php(203): do_action('wp_ajax_nopriv_...')
#4 {main}
  thrown in /var/web/site/public_html/wp-content/themes/ensswag/admin-theme/forms/set-ens-domains.php on line 111

