2022-11-01T16:37:15+00:00 CRITICAL Uncaught TypeError: Cannot access offset of type string on string in /var/web/site/public_html/wp-content/themes/ensswag/admin-theme/forms/set-ens-domains.php:111
Stack trace:
#0 /var/web/site/public_html/wp-includes/class-wp-hook.php(307): set_ens_domains('')
#1 /var/web/site/public_html/wp-includes/class-wp-hook.php(331): WP_Hook->apply_filters('', Array)
#2 /var/web/site/public_html/wp-includes/plugin.php(476): WP_Hook->do_action(Array)
#3 /var/web/site/public_html/wp-admin/admin-ajax.php(202): do_action('wp_ajax_nopriv_...')
#4 {main}
  thrown in /var/web/site/public_html/wp-content/themes/ensswag/admin-theme/forms/set-ens-domains.php on line 111

2022-11-01T16:37:15+00:00 CRITICAL Uncaught TypeError: Cannot access offset of type string on string in /var/web/site/public_html/wp-content/themes/ensswag/admin-theme/forms/set-ens-domains.php:111
Stack trace:
#0 /var/web/site/public_html/wp-includes/class-wp-hook.php(307): set_ens_domains('')
#1 /var/web/site/public_html/wp-includes/class-wp-hook.php(331): WP_Hook->apply_filters('', Array)
#2 /var/web/site/public_html/wp-includes/plugin.php(476): WP_Hook->do_action(Array)
#3 /var/web/site/public_html/wp-admin/admin-ajax.php(202): do_action('wp_ajax_nopriv_...')
#4 {main}
  thrown in /var/web/site/public_html/wp-content/themes/ensswag/admin-theme/forms/set-ens-domains.php on line 111

2022-11-01T16:37:16+00:00 CRITICAL Uncaught TypeError: Cannot access offset of type string on string in /var/web/site/public_html/wp-content/themes/ensswag/admin-theme/forms/set-ens-domains.php:111
Stack trace:
#0 /var/web/site/public_html/wp-includes/class-wp-hook.php(307): set_ens_domains('')
#1 /var/web/site/public_html/wp-includes/class-wp-hook.php(331): WP_Hook->apply_filters('', Array)
#2 /var/web/site/public_html/wp-includes/plugin.php(476): WP_Hook->do_action(Array)
#3 /var/web/site/public_html/wp-admin/admin-ajax.php(202): do_action('wp_ajax_nopriv_...')
#4 {main}
  thrown in /var/web/site/public_html/wp-content/themes/ensswag/admin-theme/forms/set-ens-domains.php on line 111

2022-11-01T16:37:17+00:00 CRITICAL Uncaught TypeError: Cannot access offset of type string on string in /var/web/site/public_html/wp-content/themes/ensswag/admin-theme/forms/set-ens-domains.php:111
Stack trace:
#0 /var/web/site/public_html/wp-includes/class-wp-hook.php(307): set_ens_domains('')
#1 /var/web/site/public_html/wp-includes/class-wp-hook.php(331): WP_Hook->apply_filters('', Array)
#2 /var/web/site/public_html/wp-includes/plugin.php(476): WP_Hook->do_action(Array)
#3 /var/web/site/public_html/wp-admin/admin-ajax.php(202): do_action('wp_ajax_nopriv_...')
#4 {main}
  thrown in /var/web/site/public_html/wp-content/themes/ensswag/admin-theme/forms/set-ens-domains.php on line 111

2022-11-01T16:37:17+00:00 CRITICAL Uncaught TypeError: Cannot access offset of type string on string in /var/web/site/public_html/wp-content/themes/ensswag/admin-theme/forms/set-ens-domains.php:111
Stack trace:
#0 /var/web/site/public_html/wp-includes/class-wp-hook.php(307): set_ens_domains('')
#1 /var/web/site/public_html/wp-includes/class-wp-hook.php(331): WP_Hook->apply_filters('', Array)
#2 /var/web/site/public_html/wp-includes/plugin.php(476): WP_Hook->do_action(Array)
#3 /var/web/site/public_html/wp-admin/admin-ajax.php(202): do_action('wp_ajax_nopriv_...')
#4 {main}
  thrown in /var/web/site/public_html/wp-content/themes/ensswag/admin-theme/forms/set-ens-domains.php on line 111

2022-11-01T16:37:18+00:00 CRITICAL Uncaught TypeError: Cannot access offset of type string on string in /var/web/site/public_html/wp-content/themes/ensswag/admin-theme/forms/set-ens-domains.php:111
Stack trace:
#0 /var/web/site/public_html/wp-includes/class-wp-hook.php(307): set_ens_domains('')
#1 /var/web/site/public_html/wp-includes/class-wp-hook.php(331): WP_Hook->apply_filters('', Array)
#2 /var/web/site/public_html/wp-includes/plugin.php(476): WP_Hook->do_action(Array)
#3 /var/web/site/public_html/wp-admin/admin-ajax.php(202): do_action('wp_ajax_nopriv_...')
#4 {main}
  thrown in /var/web/site/public_html/wp-content/themes/ensswag/admin-theme/forms/set-ens-domains.php on line 111

2022-11-01T16:37:18+00:00 CRITICAL Uncaught TypeError: Cannot access offset of type string on string in /var/web/site/public_html/wp-content/themes/ensswag/admin-theme/forms/set-ens-domains.php:111
Stack trace:
#0 /var/web/site/public_html/wp-includes/class-wp-hook.php(307): set_ens_domains('')
#1 /var/web/site/public_html/wp-includes/class-wp-hook.php(331): WP_Hook->apply_filters('', Array)
#2 /var/web/site/public_html/wp-includes/plugin.php(476): WP_Hook->do_action(Array)
#3 /var/web/site/public_html/wp-admin/admin-ajax.php(202): do_action('wp_ajax_nopriv_...')
#4 {main}
  thrown in /var/web/site/public_html/wp-content/themes/ensswag/admin-theme/forms/set-ens-domains.php on line 111

2022-11-01T16:37:18+00:00 CRITICAL Uncaught TypeError: Cannot access offset of type string on string in /var/web/site/public_html/wp-content/themes/ensswag/admin-theme/forms/set-ens-domains.php:111
Stack trace:
#0 /var/web/site/public_html/wp-includes/class-wp-hook.php(307): set_ens_domains('')
#1 /var/web/site/public_html/wp-includes/class-wp-hook.php(331): WP_Hook->apply_filters('', Array)
#2 /var/web/site/public_html/wp-includes/plugin.php(476): WP_Hook->do_action(Array)
#3 /var/web/site/public_html/wp-admin/admin-ajax.php(202): do_action('wp_ajax_nopriv_...')
#4 {main}
  thrown in /var/web/site/public_html/wp-content/themes/ensswag/admin-theme/forms/set-ens-domains.php on line 111

2022-11-01T16:37:22+00:00 CRITICAL Uncaught TypeError: Cannot access offset of type string on string in /var/web/site/public_html/wp-content/themes/ensswag/admin-theme/forms/set-ens-domains.php:111
Stack trace:
#0 /var/web/site/public_html/wp-includes/class-wp-hook.php(307): set_ens_domains('')
#1 /var/web/site/public_html/wp-includes/class-wp-hook.php(331): WP_Hook->apply_filters('', Array)
#2 /var/web/site/public_html/wp-includes/plugin.php(476): WP_Hook->do_action(Array)
#3 /var/web/site/public_html/wp-admin/admin-ajax.php(202): do_action('wp_ajax_nopriv_...')
#4 {main}
  thrown in /var/web/site/public_html/wp-content/themes/ensswag/admin-theme/forms/set-ens-domains.php on line 111

2022-11-01T16:37:22+00:00 CRITICAL Uncaught TypeError: Cannot access offset of type string on string in /var/web/site/public_html/wp-content/themes/ensswag/admin-theme/forms/set-ens-domains.php:111
Stack trace:
#0 /var/web/site/public_html/wp-includes/class-wp-hook.php(307): set_ens_domains('')
#1 /var/web/site/public_html/wp-includes/class-wp-hook.php(331): WP_Hook->apply_filters('', Array)
#2 /var/web/site/public_html/wp-includes/plugin.php(476): WP_Hook->do_action(Array)
#3 /var/web/site/public_html/wp-admin/admin-ajax.php(202): do_action('wp_ajax_nopriv_...')
#4 {main}
  thrown in /var/web/site/public_html/wp-content/themes/ensswag/admin-theme/forms/set-ens-domains.php on line 111

2022-11-01T16:37:24+00:00 CRITICAL Uncaught TypeError: Cannot access offset of type string on string in /var/web/site/public_html/wp-content/themes/ensswag/admin-theme/forms/set-ens-domains.php:111
Stack trace:
#0 /var/web/site/public_html/wp-includes/class-wp-hook.php(307): set_ens_domains('')
#1 /var/web/site/public_html/wp-includes/class-wp-hook.php(331): WP_Hook->apply_filters('', Array)
#2 /var/web/site/public_html/wp-includes/plugin.php(476): WP_Hook->do_action(Array)
#3 /var/web/site/public_html/wp-admin/admin-ajax.php(202): do_action('wp_ajax_nopriv_...')
#4 {main}
  thrown in /var/web/site/public_html/wp-content/themes/ensswag/admin-theme/forms/set-ens-domains.php on line 111

2022-11-01T16:37:25+00:00 CRITICAL Uncaught TypeError: Cannot access offset of type string on string in /var/web/site/public_html/wp-content/themes/ensswag/admin-theme/forms/set-ens-domains.php:111
Stack trace:
#0 /var/web/site/public_html/wp-includes/class-wp-hook.php(307): set_ens_domains('')
#1 /var/web/site/public_html/wp-includes/class-wp-hook.php(331): WP_Hook->apply_filters('', Array)
#2 /var/web/site/public_html/wp-includes/plugin.php(476): WP_Hook->do_action(Array)
#3 /var/web/site/public_html/wp-admin/admin-ajax.php(202): do_action('wp_ajax_nopriv_...')
#4 {main}
  thrown in /var/web/site/public_html/wp-content/themes/ensswag/admin-theme/forms/set-ens-domains.php on line 111

2022-11-01T16:37:34+00:00 CRITICAL Uncaught TypeError: Cannot access offset of type string on string in /var/web/site/public_html/wp-content/themes/ensswag/admin-theme/forms/set-ens-domains.php:111
Stack trace:
#0 /var/web/site/public_html/wp-includes/class-wp-hook.php(307): set_ens_domains('')
#1 /var/web/site/public_html/wp-includes/class-wp-hook.php(331): WP_Hook->apply_filters('', Array)
#2 /var/web/site/public_html/wp-includes/plugin.php(476): WP_Hook->do_action(Array)
#3 /var/web/site/public_html/wp-admin/admin-ajax.php(202): do_action('wp_ajax_nopriv_...')
#4 {main}
  thrown in /var/web/site/public_html/wp-content/themes/ensswag/admin-theme/forms/set-ens-domains.php on line 111

2022-11-01T16:37:35+00:00 CRITICAL Uncaught TypeError: Cannot access offset of type string on string in /var/web/site/public_html/wp-content/themes/ensswag/admin-theme/forms/set-ens-domains.php:111
Stack trace:
#0 /var/web/site/public_html/wp-includes/class-wp-hook.php(307): set_ens_domains('')
#1 /var/web/site/public_html/wp-includes/class-wp-hook.php(331): WP_Hook->apply_filters('', Array)
#2 /var/web/site/public_html/wp-includes/plugin.php(476): WP_Hook->do_action(Array)
#3 /var/web/site/public_html/wp-admin/admin-ajax.php(202): do_action('wp_ajax_nopriv_...')
#4 {main}
  thrown in /var/web/site/public_html/wp-content/themes/ensswag/admin-theme/forms/set-ens-domains.php on line 111

2022-11-01T16:37:39+00:00 CRITICAL Uncaught TypeError: Cannot access offset of type string on string in /var/web/site/public_html/wp-content/themes/ensswag/admin-theme/forms/set-ens-domains.php:111
Stack trace:
#0 /var/web/site/public_html/wp-includes/class-wp-hook.php(307): set_ens_domains('')
#1 /var/web/site/public_html/wp-includes/class-wp-hook.php(331): WP_Hook->apply_filters('', Array)
#2 /var/web/site/public_html/wp-includes/plugin.php(476): WP_Hook->do_action(Array)
#3 /var/web/site/public_html/wp-admin/admin-ajax.php(202): do_action('wp_ajax_nopriv_...')
#4 {main}
  thrown in /var/web/site/public_html/wp-content/themes/ensswag/admin-theme/forms/set-ens-domains.php on line 111

2022-11-01T16:37:40+00:00 CRITICAL Uncaught TypeError: Cannot access offset of type string on string in /var/web/site/public_html/wp-content/themes/ensswag/admin-theme/forms/set-ens-domains.php:111
Stack trace:
#0 /var/web/site/public_html/wp-includes/class-wp-hook.php(307): set_ens_domains('')
#1 /var/web/site/public_html/wp-includes/class-wp-hook.php(331): WP_Hook->apply_filters('', Array)
#2 /var/web/site/public_html/wp-includes/plugin.php(476): WP_Hook->do_action(Array)
#3 /var/web/site/public_html/wp-admin/admin-ajax.php(202): do_action('wp_ajax_nopriv_...')
#4 {main}
  thrown in /var/web/site/public_html/wp-content/themes/ensswag/admin-theme/forms/set-ens-domains.php on line 111

2022-11-01T16:37:42+00:00 CRITICAL Uncaught TypeError: Cannot access offset of type string on string in /var/web/site/public_html/wp-content/themes/ensswag/admin-theme/forms/set-ens-domains.php:111
Stack trace:
#0 /var/web/site/public_html/wp-includes/class-wp-hook.php(307): set_ens_domains('')
#1 /var/web/site/public_html/wp-includes/class-wp-hook.php(331): WP_Hook->apply_filters('', Array)
#2 /var/web/site/public_html/wp-includes/plugin.php(476): WP_Hook->do_action(Array)
#3 /var/web/site/public_html/wp-admin/admin-ajax.php(202): do_action('wp_ajax_nopriv_...')
#4 {main}
  thrown in /var/web/site/public_html/wp-content/themes/ensswag/admin-theme/forms/set-ens-domains.php on line 111

2022-11-01T16:37:42+00:00 CRITICAL Uncaught TypeError: Cannot access offset of type string on string in /var/web/site/public_html/wp-content/themes/ensswag/admin-theme/forms/set-ens-domains.php:111
Stack trace:
#0 /var/web/site/public_html/wp-includes/class-wp-hook.php(307): set_ens_domains('')
#1 /var/web/site/public_html/wp-includes/class-wp-hook.php(331): WP_Hook->apply_filters('', Array)
#2 /var/web/site/public_html/wp-includes/plugin.php(476): WP_Hook->do_action(Array)
#3 /var/web/site/public_html/wp-admin/admin-ajax.php(202): do_action('wp_ajax_nopriv_...')
#4 {main}
  thrown in /var/web/site/public_html/wp-content/themes/ensswag/admin-theme/forms/set-ens-domains.php on line 111

2022-11-01T16:37:42+00:00 CRITICAL Uncaught TypeError: Cannot access offset of type string on string in /var/web/site/public_html/wp-content/themes/ensswag/admin-theme/forms/set-ens-domains.php:111
Stack trace:
#0 /var/web/site/public_html/wp-includes/class-wp-hook.php(307): set_ens_domains('')
#1 /var/web/site/public_html/wp-includes/class-wp-hook.php(331): WP_Hook->apply_filters('', Array)
#2 /var/web/site/public_html/wp-includes/plugin.php(476): WP_Hook->do_action(Array)
#3 /var/web/site/public_html/wp-admin/admin-ajax.php(202): do_action('wp_ajax_nopriv_...')
#4 {main}
  thrown in /var/web/site/public_html/wp-content/themes/ensswag/admin-theme/forms/set-ens-domains.php on line 111

2022-11-01T16:37:42+00:00 CRITICAL Uncaught TypeError: Cannot access offset of type string on string in /var/web/site/public_html/wp-content/themes/ensswag/admin-theme/forms/set-ens-domains.php:111
Stack trace:
#0 /var/web/site/public_html/wp-includes/class-wp-hook.php(307): set_ens_domains('')
#1 /var/web/site/public_html/wp-includes/class-wp-hook.php(331): WP_Hook->apply_filters('', Array)
#2 /var/web/site/public_html/wp-includes/plugin.php(476): WP_Hook->do_action(Array)
#3 /var/web/site/public_html/wp-admin/admin-ajax.php(202): do_action('wp_ajax_nopriv_...')
#4 {main}
  thrown in /var/web/site/public_html/wp-content/themes/ensswag/admin-theme/forms/set-ens-domains.php on line 111

2022-11-01T16:37:42+00:00 CRITICAL Uncaught TypeError: Cannot access offset of type string on string in /var/web/site/public_html/wp-content/themes/ensswag/admin-theme/forms/set-ens-domains.php:111
Stack trace:
#0 /var/web/site/public_html/wp-includes/class-wp-hook.php(307): set_ens_domains('')
#1 /var/web/site/public_html/wp-includes/class-wp-hook.php(331): WP_Hook->apply_filters('', Array)
#2 /var/web/site/public_html/wp-includes/plugin.php(476): WP_Hook->do_action(Array)
#3 /var/web/site/public_html/wp-admin/admin-ajax.php(202): do_action('wp_ajax_nopriv_...')
#4 {main}
  thrown in /var/web/site/public_html/wp-content/themes/ensswag/admin-theme/forms/set-ens-domains.php on line 111

2022-11-01T16:37:48+00:00 CRITICAL Uncaught TypeError: Cannot access offset of type string on string in /var/web/site/public_html/wp-content/themes/ensswag/admin-theme/forms/set-ens-domains.php:111
Stack trace:
#0 /var/web/site/public_html/wp-includes/class-wp-hook.php(307): set_ens_domains('')
#1 /var/web/site/public_html/wp-includes/class-wp-hook.php(331): WP_Hook->apply_filters('', Array)
#2 /var/web/site/public_html/wp-includes/plugin.php(476): WP_Hook->do_action(Array)
#3 /var/web/site/public_html/wp-admin/admin-ajax.php(202): do_action('wp_ajax_nopriv_...')
#4 {main}
  thrown in /var/web/site/public_html/wp-content/themes/ensswag/admin-theme/forms/set-ens-domains.php on line 111

2022-11-01T16:37:49+00:00 CRITICAL Uncaught TypeError: Cannot access offset of type string on string in /var/web/site/public_html/wp-content/themes/ensswag/admin-theme/forms/set-ens-domains.php:111
Stack trace:
#0 /var/web/site/public_html/wp-includes/class-wp-hook.php(307): set_ens_domains('')
#1 /var/web/site/public_html/wp-includes/class-wp-hook.php(331): WP_Hook->apply_filters('', Array)
#2 /var/web/site/public_html/wp-includes/plugin.php(476): WP_Hook->do_action(Array)
#3 /var/web/site/public_html/wp-admin/admin-ajax.php(202): do_action('wp_ajax_nopriv_...')
#4 {main}
  thrown in /var/web/site/public_html/wp-content/themes/ensswag/admin-theme/forms/set-ens-domains.php on line 111

