2022-10-24T07:30:35+00:00 CRITICAL Uncaught Error: Call to a member function get_price() on bool in /var/web/site/public_html/wp-content/themes/ensswag/templates/page-home/page-home-product-desc.php:78
Stack trace:
#0 /var/web/site/public_html/wp-includes/template.php(772): require()
#1 /var/web/site/public_html/wp-includes/template.php(716): load_template('/var/web/site/p...', false, Array)
#2 /var/web/site/public_html/wp-includes/general-template.php(204): locate_template(Array, true, false, Array)
#3 /var/web/site/public_html/wp-content/themes/ensswag/templates/page-home/page-home-products.php(62): get_template_part('templates/page-...')
#4 /var/web/site/public_html/wp-content/themes/ensswag/page-home.php(10): include('/var/web/site/p...')
#5 /var/web/site/public_html/wp-includes/template-loader.php(106): include('/var/web/site/p...')
#6 /var/web/site/public_html/wp-blog-header.php(19): require_once('/var/web/site/p...')
#7 /var/web/site/public_html/index.php(17): require('/var/web/site/p...')
#8 {main}
  thrown in /var/web/site/public_html/wp-content/themes/ensswag/templates/page-home/page-home-product-desc.php on line 78

2022-10-24T07:31:59+00:00 CRITICAL Uncaught Error: Call to a member function get_price() on bool in /var/web/site/public_html/wp-content/themes/ensswag/templates/page-home/page-home-product-desc.php:78
Stack trace:
#0 /var/web/site/public_html/wp-includes/template.php(772): require()
#1 /var/web/site/public_html/wp-includes/template.php(716): load_template('/var/web/site/p...', false, Array)
#2 /var/web/site/public_html/wp-includes/general-template.php(204): locate_template(Array, true, false, Array)
#3 /var/web/site/public_html/wp-content/themes/ensswag/templates/page-home/page-home-products.php(62): get_template_part('templates/page-...')
#4 /var/web/site/public_html/wp-content/themes/ensswag/page-home.php(10): include('/var/web/site/p...')
#5 /var/web/site/public_html/wp-includes/template-loader.php(106): include('/var/web/site/p...')
#6 /var/web/site/public_html/wp-blog-header.php(19): require_once('/var/web/site/p...')
#7 /var/web/site/public_html/index.php(17): require('/var/web/site/p...')
#8 {main}
  thrown in /var/web/site/public_html/wp-content/themes/ensswag/templates/page-home/page-home-product-desc.php on line 78

2022-10-24T08:22:52+00:00 CRITICAL Uncaught Error: Call to a member function get_price() on bool in /var/web/site/public_html/wp-content/themes/ensswag/templates/page-home/page-home-product-desc.php:78
Stack trace:
#0 /var/web/site/public_html/wp-includes/template.php(772): require()
#1 /var/web/site/public_html/wp-includes/template.php(716): load_template('/var/web/site/p...', false, Array)
#2 /var/web/site/public_html/wp-includes/general-template.php(204): locate_template(Array, true, false, Array)
#3 /var/web/site/public_html/wp-content/themes/ensswag/templates/page-home/page-home-products.php(62): get_template_part('templates/page-...')
#4 /var/web/site/public_html/wp-content/themes/ensswag/page-home.php(10): include('/var/web/site/p...')
#5 /var/web/site/public_html/wp-includes/template-loader.php(106): include('/var/web/site/p...')
#6 /var/web/site/public_html/wp-blog-header.php(19): require_once('/var/web/site/p...')
#7 /var/web/site/public_html/index.php(17): require('/var/web/site/p...')
#8 {main}
  thrown in /var/web/site/public_html/wp-content/themes/ensswag/templates/page-home/page-home-product-desc.php on line 78

