2022-10-18T09:41:48+00:00 INFO Array
(
    [Webhook Delivery] => Array
        (
            [Delivery ID] => a1177812a15e416fc5db9b4ac0ee7e2e
            [Date] => Oct 18, 2022 @ 9:41
            [URL] => https://api.printful.com/hook/woocommerce?store=8902845
            [Duration] => 0.18701
            [Request] => Array
                (
                    [Method] => POST
                    [Headers] => Array
                        (
                            [User-Agent] => WooCommerce/7.0.0 Hookshot (WordPress/6.0.3)
                            [Content-Type] => application/json
                            [X-WC-Webhook-Source] => https://ensmerchshop.xyz/
                            [X-WC-Webhook-Topic] => action.woocommerce_order_status_processing
                            [X-WC-Webhook-Resource] => action
                            [X-WC-Webhook-Event] => woocommerce_order_status_processing
                            [X-WC-Webhook-Signature] => rg5qBhZ7NFBa4s4L0pAkTtpWJId77G0BF259Nx8eKDk=
                            [X-WC-Webhook-ID] => 1
                            [X-WC-Webhook-Delivery-ID] => a1177812a15e416fc5db9b4ac0ee7e2e
                        )

                )

            [Body] => Webhook body is not logged unless WP_DEBUG mode is turned on. This is to avoid the storing of personal data in the logs.
            [Response] => Array
                (
                    [Code] => 200
                    [Message] => OK
                    [Headers] => Requests_Utility_CaseInsensitiveDictionary Object
                        (
                            [data:protected] => Array
                                (
                                    [date] => Tue, 18 Oct 2022 09:41:48 GMT
                                    [content-type] => text/html; charset=UTF-8
                                    [vary] => Accept-Encoding
                                    [cf-cache-status] => DYNAMIC
                                    [set-cookie] => __cf_bm=nUgRCH.xw.MqV2iSnLj1kb1xrsfvR0jCzVJCS3zfWGs-1666086108-0-Aea0Yod7GiQhiuyCGzGp97FU1yLpoS+8PWbKNJtOiySS6zPtiC+q94n/0YoKy/dllcCSnTdCEd9dhSJ9Dvo8BOw=; path=/; expires=Tue, 18-Oct-22 10:11:48 GMT; domain=.printful.com; HttpOnly; Secure; SameSite=None
                                    [strict-transport-security] => max-age=31536000; includeSubDomains; preload
                                    [x-content-type-options] => nosniff
                                    [server] => cloudflare
                                    [cf-ray] => 75c051fee8e69e08-EWR
                                    [content-encoding] => gzip
                                    [alt-svc] => h3=":443"; ma=86400, h3-29=":443"; ma=86400
                                )

                        )

                    [Body] => Webhook body is not logged unless WP_DEBUG mode is turned on. This is to avoid the storing of personal data in the logs.
                )

        )

)

