2022-10-19T03:18:19+00:00 INFO Array
(
    [Webhook Delivery] => Array
        (
            [Delivery ID] => 5b5d5169b9a93d9e1cbfcf2eabf91170
            [Date] => Oct 19, 2022 @ 3:18
            [URL] => https://api.printful.com/hook/woocommerce?store=8902845
            [Duration] => 0.23429
            [Request] => Array
                (
                    [Method] => POST
                    [Headers] => Array
                        (
                            [User-Agent] => WooCommerce/7.0.0 Hookshot (WordPress/6.0.3)
                            [Content-Type] => application/json
                            [X-WC-Webhook-Source] => https://ensmerchshop.xyz/
                            [X-WC-Webhook-Topic] => action.woocommerce_order_status_processing
                            [X-WC-Webhook-Resource] => action
                            [X-WC-Webhook-Event] => woocommerce_order_status_processing
                            [X-WC-Webhook-Signature] => JcJkEi6j5kkCGKgKoall3GaL6AR1+2gbxXSTFwtCRkk=
                            [X-WC-Webhook-ID] => 1
                            [X-WC-Webhook-Delivery-ID] => 5b5d5169b9a93d9e1cbfcf2eabf91170
                        )

                )

            [Body] => Webhook body is not logged unless WP_DEBUG mode is turned on. This is to avoid the storing of personal data in the logs.
            [Response] => Array
                (
                    [Code] => 200
                    [Message] => OK
                    [Headers] => Requests_Utility_CaseInsensitiveDictionary Object
                        (
                            [data:protected] => Array
                                (
                                    [date] => Wed, 19 Oct 2022 03:18:19 GMT
                                    [content-type] => text/html; charset=UTF-8
                                    [vary] => Accept-Encoding
                                    [cf-cache-status] => DYNAMIC
                                    [set-cookie] => __cf_bm=4.1u1hYNVWcQhoDqODeh22vw0nljnNRh69_wWFOu158-1666149499-0-Af0/GeGxkbxybjMdU3n3w4KnYgE9xtsFprqXO3IiCkkWoxuMTH48OJcoqcZv8ZnByQKzQ24mD9Ak8kgdA5LrOCA=; path=/; expires=Wed, 19-Oct-22 03:48:19 GMT; domain=.printful.com; HttpOnly; Secure; SameSite=None
                                    [strict-transport-security] => max-age=31536000; includeSubDomains; preload
                                    [x-content-type-options] => nosniff
                                    [server] => cloudflare
                                    [cf-ray] => 75c65da159f515ab-EWR
                                    [content-encoding] => gzip
                                    [alt-svc] => h3=":443"; ma=86400, h3-29=":443"; ma=86400
                                )

                        )

                    [Body] => Webhook body is not logged unless WP_DEBUG mode is turned on. This is to avoid the storing of personal data in the logs.
                )

        )

)

2022-10-19T03:23:17+00:00 INFO Array
(
    [Webhook Delivery] => Array
        (
            [Delivery ID] => a68314af1c4af8e61cae488ac628668b
            [Date] => Oct 19, 2022 @ 3:23
            [URL] => https://api.printful.com/hook/woocommerce?store=8902845
            [Duration] => 0.36137
            [Request] => Array
                (
                    [Method] => POST
                    [Headers] => Array
                        (
                            [User-Agent] => WooCommerce/7.0.0 Hookshot (WordPress/6.0.3)
                            [Content-Type] => application/json
                            [X-WC-Webhook-Source] => https://ensmerchshop.xyz/
                            [X-WC-Webhook-Topic] => action.woocommerce_order_status_processing
                            [X-WC-Webhook-Resource] => action
                            [X-WC-Webhook-Event] => woocommerce_order_status_processing
                            [X-WC-Webhook-Signature] => gWB5TPelO9rJSSct7z4bTJxzhe/9RU/z3F5jsYhe2Is=
                            [X-WC-Webhook-ID] => 1
                            [X-WC-Webhook-Delivery-ID] => a68314af1c4af8e61cae488ac628668b
                        )

                )

            [Body] => Webhook body is not logged unless WP_DEBUG mode is turned on. This is to avoid the storing of personal data in the logs.
            [Response] => Array
                (
                    [Code] => 200
                    [Message] => OK
                    [Headers] => Requests_Utility_CaseInsensitiveDictionary Object
                        (
                            [data:protected] => Array
                                (
                                    [date] => Wed, 19 Oct 2022 03:23:17 GMT
                                    [content-type] => text/html; charset=UTF-8
                                    [vary] => Accept-Encoding
                                    [cf-cache-status] => DYNAMIC
                                    [set-cookie] => __cf_bm=WXT9xTf6Kz4I_rv7lj1N9o89M32sBoid6y7VbVBXST8-1666149797-0-Ac95z+cAyEPVoQ0EuzYrIxLUBZdz6ai6BpmkbrEWenpd+2gt8m5MYeW/qLHGOPYWc+ML5FmhJ+aSobwgJ4kQ+nM=; path=/; expires=Wed, 19-Oct-22 03:53:17 GMT; domain=.printful.com; HttpOnly; Secure; SameSite=None
                                    [strict-transport-security] => max-age=31536000; includeSubDomains; preload
                                    [x-content-type-options] => nosniff
                                    [server] => cloudflare
                                    [cf-ray] => 75c664eb6e3b8ca1-EWR
                                    [content-encoding] => gzip
                                    [alt-svc] => h3=":443"; ma=86400, h3-29=":443"; ma=86400
                                )

                        )

                    [Body] => Webhook body is not logged unless WP_DEBUG mode is turned on. This is to avoid the storing of personal data in the logs.
                )

        )

)

2022-10-19T03:29:47+00:00 INFO Array
(
    [Webhook Delivery] => Array
        (
            [Delivery ID] => c7e712379fd73f183b19d573673c29f0
            [Date] => Oct 19, 2022 @ 3:29
            [URL] => https://api.printful.com/hook/woocommerce?store=8902845
            [Duration] => 0.23324
            [Request] => Array
                (
                    [Method] => POST
                    [Headers] => Array
                        (
                            [User-Agent] => WooCommerce/7.0.0 Hookshot (WordPress/6.0.3)
                            [Content-Type] => application/json
                            [X-WC-Webhook-Source] => https://ensmerchshop.xyz/
                            [X-WC-Webhook-Topic] => action.woocommerce_order_status_processing
                            [X-WC-Webhook-Resource] => action
                            [X-WC-Webhook-Event] => woocommerce_order_status_processing
                            [X-WC-Webhook-Signature] => btPfwTo4he9LC2c17VGkm13N14CCnef0RwQR0gUidYI=
                            [X-WC-Webhook-ID] => 1
                            [X-WC-Webhook-Delivery-ID] => c7e712379fd73f183b19d573673c29f0
                        )

                )

            [Body] => Webhook body is not logged unless WP_DEBUG mode is turned on. This is to avoid the storing of personal data in the logs.
            [Response] => Array
                (
                    [Code] => 200
                    [Message] => OK
                    [Headers] => Requests_Utility_CaseInsensitiveDictionary Object
                        (
                            [data:protected] => Array
                                (
                                    [date] => Wed, 19 Oct 2022 03:29:47 GMT
                                    [content-type] => text/html; charset=UTF-8
                                    [vary] => Accept-Encoding
                                    [cf-cache-status] => DYNAMIC
                                    [set-cookie] => __cf_bm=Ow29LouKR6FzdcCTyaFNolI1TNtTQFpl8U_MrrhF3FA-1666150187-0-AaoheNmdVbAFR7l7/EcRbkWlf9oF4rmmdHaL0WSIWIIy2wP3hq9oDOY1yPZA+BCb5Dwu/22bCM92UJf38wXZAng=; path=/; expires=Wed, 19-Oct-22 03:59:47 GMT; domain=.printful.com; HttpOnly; Secure; SameSite=None
                                    [strict-transport-security] => max-age=31536000; includeSubDomains; preload
                                    [x-content-type-options] => nosniff
                                    [server] => cloudflare
                                    [cf-ray] => 75c66e6e99e98cc6-EWR
                                    [content-encoding] => gzip
                                    [alt-svc] => h3=":443"; ma=86400, h3-29=":443"; ma=86400
                                )

                        )

                    [Body] => Webhook body is not logged unless WP_DEBUG mode is turned on. This is to avoid the storing of personal data in the logs.
                )

        )

)

2022-10-19T03:34:46+00:00 INFO Array
(
    [Webhook Delivery] => Array
        (
            [Delivery ID] => 10fa866a4957a366457a9f99b23b2428
            [Date] => Oct 19, 2022 @ 3:34
            [URL] => https://api.printful.com/hook/woocommerce?store=8902845
            [Duration] => 0.17098
            [Request] => Array
                (
                    [Method] => POST
                    [Headers] => Array
                        (
                            [User-Agent] => WooCommerce/7.0.0 Hookshot (WordPress/6.0.3)
                            [Content-Type] => application/json
                            [X-WC-Webhook-Source] => https://ensmerchshop.xyz/
                            [X-WC-Webhook-Topic] => action.woocommerce_order_status_processing
                            [X-WC-Webhook-Resource] => action
                            [X-WC-Webhook-Event] => woocommerce_order_status_processing
                            [X-WC-Webhook-Signature] => x/wnu9whVPsXTvv3+hr3aPbwzrx4gtnorTUQWWEOUDQ=
                            [X-WC-Webhook-ID] => 1
                            [X-WC-Webhook-Delivery-ID] => 10fa866a4957a366457a9f99b23b2428
                        )

                )

            [Body] => Webhook body is not logged unless WP_DEBUG mode is turned on. This is to avoid the storing of personal data in the logs.
            [Response] => Array
                (
                    [Code] => 200
                    [Message] => OK
                    [Headers] => Requests_Utility_CaseInsensitiveDictionary Object
                        (
                            [data:protected] => Array
                                (
                                    [date] => Wed, 19 Oct 2022 03:34:46 GMT
                                    [content-type] => text/html; charset=UTF-8
                                    [vary] => Accept-Encoding
                                    [cf-cache-status] => DYNAMIC
                                    [set-cookie] => __cf_bm=YVMAuTeg_1wA6Nqa0osjh2NYhJ6byaeRcqI3cXyr4Gc-1666150486-0-AVI7fDaerzBaYQ7VryNlPYAQtOG7cHAIHHl49Dj5SXhkN0rohquRcKOxBbgxVy8e3GfvM1OYlDdg+bF/jo620r8=; path=/; expires=Wed, 19-Oct-22 04:04:46 GMT; domain=.printful.com; HttpOnly; Secure; SameSite=None
                                    [strict-transport-security] => max-age=31536000; includeSubDomains; preload
                                    [x-content-type-options] => nosniff
                                    [server] => cloudflare
                                    [cf-ray] => 75c675bed92d1811-EWR
                                    [content-encoding] => gzip
                                    [alt-svc] => h3=":443"; ma=86400, h3-29=":443"; ma=86400
                                )

                        )

                    [Body] => Webhook body is not logged unless WP_DEBUG mode is turned on. This is to avoid the storing of personal data in the logs.
                )

        )

)

2022-10-19T03:51:12+00:00 INFO Array
(
    [Webhook Delivery] => Array
        (
            [Delivery ID] => 23f697af7bb647da9f366f908769d234
            [Date] => Oct 19, 2022 @ 3:51
            [URL] => https://api.printful.com/hook/woocommerce?store=8902845
            [Duration] => 0.18733
            [Request] => Array
                (
                    [Method] => POST
                    [Headers] => Array
                        (
                            [User-Agent] => WooCommerce/7.0.0 Hookshot (WordPress/6.0.3)
                            [Content-Type] => application/json
                            [X-WC-Webhook-Source] => https://ensmerchshop.xyz/
                            [X-WC-Webhook-Topic] => action.woocommerce_order_status_processing
                            [X-WC-Webhook-Resource] => action
                            [X-WC-Webhook-Event] => woocommerce_order_status_processing
                            [X-WC-Webhook-Signature] => hJXq1REPkBFuHvyBTQyp1bQKbernwrkSlf8diZgJ3eQ=
                            [X-WC-Webhook-ID] => 1
                            [X-WC-Webhook-Delivery-ID] => 23f697af7bb647da9f366f908769d234
                        )

                )

            [Body] => Webhook body is not logged unless WP_DEBUG mode is turned on. This is to avoid the storing of personal data in the logs.
            [Response] => Array
                (
                    [Code] => 200
                    [Message] => OK
                    [Headers] => Requests_Utility_CaseInsensitiveDictionary Object
                        (
                            [data:protected] => Array
                                (
                                    [date] => Wed, 19 Oct 2022 03:51:12 GMT
                                    [content-type] => text/html; charset=UTF-8
                                    [vary] => Accept-Encoding
                                    [cf-cache-status] => DYNAMIC
                                    [set-cookie] => __cf_bm=nVRziLqFIMPTgxOHqJBp7j4Otpn3nniF0T1XnAXhaY8-1666151472-0-Aaloi7ob5OrM8b6pxqmK7+MJBDm0X/52FGjR4nVdvx10CEiSKKhhQUaAASzVgDG+TegjNWd95XfQn+K8U6t0NeI=; path=/; expires=Wed, 19-Oct-22 04:21:12 GMT; domain=.printful.com; HttpOnly; Secure; SameSite=None
                                    [strict-transport-security] => max-age=31536000; includeSubDomains; preload
                                    [x-content-type-options] => nosniff
                                    [server] => cloudflare
                                    [cf-ray] => 75c68dcd795ac468-EWR
                                    [content-encoding] => gzip
                                    [alt-svc] => h3=":443"; ma=86400, h3-29=":443"; ma=86400
                                )

                        )

                    [Body] => Webhook body is not logged unless WP_DEBUG mode is turned on. This is to avoid the storing of personal data in the logs.
                )

        )

)

2022-10-19T03:52:24+00:00 INFO Array
(
    [Webhook Delivery] => Array
        (
            [Delivery ID] => ada371c4deb576807cd5b57a5d50927c
            [Date] => Oct 19, 2022 @ 3:52
            [URL] => https://api.printful.com/hook/woocommerce?store=8902845
            [Duration] => 0.16661
            [Request] => Array
                (
                    [Method] => POST
                    [Headers] => Array
                        (
                            [User-Agent] => WooCommerce/7.0.0 Hookshot (WordPress/6.0.3)
                            [Content-Type] => application/json
                            [X-WC-Webhook-Source] => https://ensmerchshop.xyz/
                            [X-WC-Webhook-Topic] => action.woocommerce_order_status_processing
                            [X-WC-Webhook-Resource] => action
                            [X-WC-Webhook-Event] => woocommerce_order_status_processing
                            [X-WC-Webhook-Signature] => s0OVxVUtaf3Y/QpiWshF/iEaTKkEs+HYDbyBZB01Vn0=
                            [X-WC-Webhook-ID] => 1
                            [X-WC-Webhook-Delivery-ID] => ada371c4deb576807cd5b57a5d50927c
                        )

                )

            [Body] => Webhook body is not logged unless WP_DEBUG mode is turned on. This is to avoid the storing of personal data in the logs.
            [Response] => Array
                (
                    [Code] => 200
                    [Message] => OK
                    [Headers] => Requests_Utility_CaseInsensitiveDictionary Object
                        (
                            [data:protected] => Array
                                (
                                    [date] => Wed, 19 Oct 2022 03:52:24 GMT
                                    [content-type] => text/html; charset=UTF-8
                                    [vary] => Accept-Encoding
                                    [cf-cache-status] => DYNAMIC
                                    [set-cookie] => __cf_bm=GowwIr5iHU4D1amwgF5S9M2zkR_2x5TQ6sVQHoNvVkU-1666151544-0-AWfDF4ll6yoexrFJ9eJuPHsoF4YXOYMGC3RE2mt4Rbnexo6Mwh/0xMo1N2nSM/Nb6sdzmPsor8C+blKPFxE0mIQ=; path=/; expires=Wed, 19-Oct-22 04:22:24 GMT; domain=.printful.com; HttpOnly; Secure; SameSite=None
                                    [strict-transport-security] => max-age=31536000; includeSubDomains; preload
                                    [x-content-type-options] => nosniff
                                    [server] => cloudflare
                                    [cf-ray] => 75c68f912bda8c54-EWR
                                    [content-encoding] => gzip
                                    [alt-svc] => h3=":443"; ma=86400, h3-29=":443"; ma=86400
                                )

                        )

                    [Body] => Webhook body is not logged unless WP_DEBUG mode is turned on. This is to avoid the storing of personal data in the logs.
                )

        )

)

2022-10-19T04:05:03+00:00 INFO Array
(
    [Webhook Delivery] => Array
        (
            [Delivery ID] => b464af733ac17edb198a0d9c9991baa8
            [Date] => Oct 19, 2022 @ 4:05
            [URL] => https://api.printful.com/hook/woocommerce?store=8902845
            [Duration] => 0.25883
            [Request] => Array
                (
                    [Method] => POST
                    [Headers] => Array
                        (
                            [User-Agent] => WooCommerce/7.0.0 Hookshot (WordPress/6.0.3)
                            [Content-Type] => application/json
                            [X-WC-Webhook-Source] => https://ensmerchshop.xyz/
                            [X-WC-Webhook-Topic] => action.woocommerce_order_status_processing
                            [X-WC-Webhook-Resource] => action
                            [X-WC-Webhook-Event] => woocommerce_order_status_processing
                            [X-WC-Webhook-Signature] => SGOehq8yjIv/i8cvFNz7soeFotex/hHmIU6y8tHbTZg=
                            [X-WC-Webhook-ID] => 1
                            [X-WC-Webhook-Delivery-ID] => b464af733ac17edb198a0d9c9991baa8
                        )

                )

            [Body] => Webhook body is not logged unless WP_DEBUG mode is turned on. This is to avoid the storing of personal data in the logs.
            [Response] => Array
                (
                    [Code] => 200
                    [Message] => OK
                    [Headers] => Requests_Utility_CaseInsensitiveDictionary Object
                        (
                            [data:protected] => Array
                                (
                                    [date] => Wed, 19 Oct 2022 04:05:03 GMT
                                    [content-type] => text/html; charset=UTF-8
                                    [vary] => Accept-Encoding
                                    [cf-cache-status] => DYNAMIC
                                    [set-cookie] => __cf_bm=wEB6q_0in0f3PbcqLn0eENPsOUgsZmFcb1UfWOzaEKE-1666152303-0-AS2s28Qu6AcucYXdb17pqNgJTCiZnnLrQVJ6OvTLyOa2gKC7TlTxx5amZBuwgdeeeTqo+e5S7ceAkKynLruytnM=; path=/; expires=Wed, 19-Oct-22 04:35:03 GMT; domain=.printful.com; HttpOnly; Secure; SameSite=None
                                    [strict-transport-security] => max-age=31536000; includeSubDomains; preload
                                    [x-content-type-options] => nosniff
                                    [server] => cloudflare
                                    [cf-ray] => 75c6a2169db219d7-EWR
                                    [content-encoding] => gzip
                                    [alt-svc] => h3=":443"; ma=86400, h3-29=":443"; ma=86400
                                )

                        )

                    [Body] => Webhook body is not logged unless WP_DEBUG mode is turned on. This is to avoid the storing of personal data in the logs.
                )

        )

)

2022-10-19T13:05:41+00:00 INFO Array
(
    [Webhook Delivery] => Array
        (
            [Delivery ID] => 1a999554ad861d67b0c9ed7854063780
            [Date] => Oct 19, 2022 @ 13:05
            [URL] => https://api.printful.com/hook/woocommerce?store=8902845
            [Duration] => 0.17779
            [Request] => Array
                (
                    [Method] => POST
                    [Headers] => Array
                        (
                            [User-Agent] => WooCommerce/7.0.0 Hookshot (WordPress/6.0.3)
                            [Content-Type] => application/json
                            [X-WC-Webhook-Source] => https://ensmerchshop.xyz/
                            [X-WC-Webhook-Topic] => action.woocommerce_order_status_processing
                            [X-WC-Webhook-Resource] => action
                            [X-WC-Webhook-Event] => woocommerce_order_status_processing
                            [X-WC-Webhook-Signature] => twzTNoJZ/r0MIRE6h/PrhpALQTEl4Aj1VcuR+S8uQ+4=
                            [X-WC-Webhook-ID] => 1
                            [X-WC-Webhook-Delivery-ID] => 1a999554ad861d67b0c9ed7854063780
                        )

                )

            [Body] => {\"action\":\"woocommerce_order_status_processing\",\"arg\":287}
            [Response] => Array
                (
                    [Code] => 200
                    [Message] => OK
                    [Headers] => Requests_Utility_CaseInsensitiveDictionary Object
                        (
                            [data:protected] => Array
                                (
                                    [date] => Wed, 19 Oct 2022 13:05:41 GMT
                                    [content-type] => text/html; charset=UTF-8
                                    [vary] => Accept-Encoding
                                    [cf-cache-status] => DYNAMIC
                                    [set-cookie] => __cf_bm=LZPYkMkDHHwc3rpcxpj9RFN6ZHiUj7K0PBoQA0Z9bGo-1666184741-0-ATQ0sfRf+8Bn3xwNyCMSviojkkoQLYwNJNG3DI0mNOZWJUpn1VzjIDyg1V84UXPmoGOM9Ydz0Q5wK1d2TRVln/E=; path=/; expires=Wed, 19-Oct-22 13:35:41 GMT; domain=.printful.com; HttpOnly; Secure; SameSite=None
                                    [strict-transport-security] => max-age=31536000; includeSubDomains; preload
                                    [x-content-type-options] => nosniff
                                    [server] => cloudflare
                                    [cf-ray] => 75c9ba0a1e8817a9-EWR
                                    [content-encoding] => gzip
                                    [alt-svc] => h3=":443"; ma=86400, h3-29=":443"; ma=86400
                                )

                        )

                    [Body] => Invalid Woocommerce webhook signatureOK
                )

        )

)

2022-10-19T20:50:04+00:00 INFO Array
(
    [Webhook Delivery] => Array
        (
            [Delivery ID] => 3dec76df13b23b25611106000a213ae4
            [Date] => Oct 19, 2022 @ 20:50
            [URL] => https://api.printful.com/hook/woocommerce?store=8902845
            [Duration] => 0.50199
            [Request] => Array
                (
                    [Method] => POST
                    [Headers] => Array
                        (
                            [User-Agent] => WooCommerce/7.0.0 Hookshot (WordPress/6.0.3)
                            [Content-Type] => application/json
                            [X-WC-Webhook-Source] => https://ensmerchshop.xyz/
                            [X-WC-Webhook-Topic] => product.updated
                            [X-WC-Webhook-Resource] => product
                            [X-WC-Webhook-Event] => updated
                            [X-WC-Webhook-Signature] => PeG70bFdWROUD0HONg24CifEMmPxE/ogU/2ogtyIHks=
                            [X-WC-Webhook-ID] => 2
                            [X-WC-Webhook-Delivery-ID] => 3dec76df13b23b25611106000a213ae4
                        )

                )

            [Body] => Webhook body is not logged unless WP_DEBUG mode is turned on. This is to avoid the storing of personal data in the logs.
            [Response] => Array
                (
                    [Code] => 200
                    [Message] => OK
                    [Headers] => Requests_Utility_CaseInsensitiveDictionary Object
                        (
                            [data:protected] => Array
                                (
                                    [date] => Wed, 19 Oct 2022 20:50:04 GMT
                                    [content-type] => text/html; charset=UTF-8
                                    [vary] => Accept-Encoding
                                    [cf-cache-status] => DYNAMIC
                                    [set-cookie] => __cf_bm=9lI3Allz6eYkqSymQPYwIQGnEdyFbEDFBCZuOxy9gVc-1666212604-0-AZPMAnA0SAH+IhVYX8ATb9dJ1UJTnaSSefsrwZQFUCgSwuCSXp+1NWffPYNeSeTaBr+yWQEoF2U7sQ8GxHghGhE=; path=/; expires=Wed, 19-Oct-22 21:20:04 GMT; domain=.printful.com; HttpOnly; Secure; SameSite=None
                                    [strict-transport-security] => max-age=31536000; includeSubDomains; preload
                                    [x-content-type-options] => nosniff
                                    [server] => cloudflare
                                    [cf-ray] => 75cc6244def6c472-EWR
                                    [content-encoding] => gzip
                                    [alt-svc] => h3=":443"; ma=86400, h3-29=":443"; ma=86400
                                )

                        )

                    [Body] => Webhook body is not logged unless WP_DEBUG mode is turned on. This is to avoid the storing of personal data in the logs.
                )

        )

)

2022-10-19T22:06:06+00:00 INFO Array
(
    [Webhook Delivery] => Array
        (
            [Delivery ID] => 6be7f4060bebe585858fa361f86cd574
            [Date] => Oct 19, 2022 @ 22:06
            [URL] => https://api.printful.com/hook/woocommerce?store=8902845
            [Duration] => 0.57893
            [Request] => Array
                (
                    [Method] => POST
                    [Headers] => Array
                        (
                            [User-Agent] => WooCommerce/7.0.0 Hookshot (WordPress/6.0.3)
                            [Content-Type] => application/json
                            [X-WC-Webhook-Source] => https://ensmerchshop.xyz/
                            [X-WC-Webhook-Topic] => product.updated
                            [X-WC-Webhook-Resource] => product
                            [X-WC-Webhook-Event] => updated
                            [X-WC-Webhook-Signature] => IThs0Xh8ATKTU8PdxYOk+we5GjLf1sx1sA5+MVuPBkI=
                            [X-WC-Webhook-ID] => 2
                            [X-WC-Webhook-Delivery-ID] => 6be7f4060bebe585858fa361f86cd574
                        )

                )

            [Body] => Webhook body is not logged unless WP_DEBUG mode is turned on. This is to avoid the storing of personal data in the logs.
            [Response] => Array
                (
                    [Code] => 200
                    [Message] => OK
                    [Headers] => Requests_Utility_CaseInsensitiveDictionary Object
                        (
                            [data:protected] => Array
                                (
                                    [date] => Wed, 19 Oct 2022 22:06:06 GMT
                                    [content-type] => text/html; charset=UTF-8
                                    [vary] => Accept-Encoding
                                    [cf-cache-status] => DYNAMIC
                                    [set-cookie] => __cf_bm=sSeJlBNiLVzJxN_JyKeZTNU0lKNNa9S2Jh3ipnYHAAM-1666217166-0-AUr6UA+r7/cf4GoA2xFAT4KsjFZyll0NtJWrZ5IlTZ50M3brCqEpYzifrR1qjTRe9NtIUsE7qzup/U1OVqNs7Kk=; path=/; expires=Wed, 19-Oct-22 22:36:06 GMT; domain=.printful.com; HttpOnly; Secure; SameSite=None
                                    [strict-transport-security] => max-age=31536000; includeSubDomains; preload
                                    [x-content-type-options] => nosniff
                                    [server] => cloudflare
                                    [cf-ray] => 75ccd1a5784f8c24-EWR
                                    [content-encoding] => gzip
                                    [alt-svc] => h3=":443"; ma=86400, h3-29=":443"; ma=86400
                                )

                        )

                    [Body] => Webhook body is not logged unless WP_DEBUG mode is turned on. This is to avoid the storing of personal data in the logs.
                )

        )

)

2022-10-19T22:53:37+00:00 INFO Array
(
    [Webhook Delivery] => Array
        (
            [Delivery ID] => f46da975118176bd91871450ff2a7ff3
            [Date] => Oct 19, 2022 @ 22:53
            [URL] => https://api.printful.com/hook/woocommerce?store=8902845
            [Duration] => 0.36907
            [Request] => Array
                (
                    [Method] => POST
                    [Headers] => Array
                        (
                            [User-Agent] => WooCommerce/7.0.0 Hookshot (WordPress/6.0.3)
                            [Content-Type] => application/json
                            [X-WC-Webhook-Source] => https://ensmerchshop.xyz/
                            [X-WC-Webhook-Topic] => product.updated
                            [X-WC-Webhook-Resource] => product
                            [X-WC-Webhook-Event] => updated
                            [X-WC-Webhook-Signature] => WN8ESetv57d8lPz1hCUiD3r6MWRolII7mbU4+mgGa6A=
                            [X-WC-Webhook-ID] => 2
                            [X-WC-Webhook-Delivery-ID] => f46da975118176bd91871450ff2a7ff3
                        )

                )

            [Body] => Webhook body is not logged unless WP_DEBUG mode is turned on. This is to avoid the storing of personal data in the logs.
            [Response] => Array
                (
                    [Code] => 200
                    [Message] => OK
                    [Headers] => Requests_Utility_CaseInsensitiveDictionary Object
                        (
                            [data:protected] => Array
                                (
                                    [date] => Wed, 19 Oct 2022 22:53:37 GMT
                                    [content-type] => text/html; charset=UTF-8
                                    [vary] => Accept-Encoding
                                    [cf-cache-status] => DYNAMIC
                                    [set-cookie] => __cf_bm=XgNH0nCH4X.MOWWqDOuBHsqpbSybzoCUVVyFU9ydH2w-1666220017-0-AbICSbt8HD6GKygbALyG3e3VkQJpg3M9shQVCn6bYu71BUmq0Ek++C65wzLspBrK57uFi8zpHdW6NytMlxbkXh4=; path=/; expires=Wed, 19-Oct-22 23:23:37 GMT; domain=.printful.com; HttpOnly; Secure; SameSite=None
                                    [strict-transport-security] => max-age=31536000; includeSubDomains; preload
                                    [x-content-type-options] => nosniff
                                    [server] => cloudflare
                                    [cf-ray] => 75cd17416da68c60-EWR
                                    [content-encoding] => gzip
                                    [alt-svc] => h3=":443"; ma=86400, h3-29=":443"; ma=86400
                                )

                        )

                    [Body] => Webhook body is not logged unless WP_DEBUG mode is turned on. This is to avoid the storing of personal data in the logs.
                )

        )

)

2022-10-19T22:59:08+00:00 INFO Array
(
    [Webhook Delivery] => Array
        (
            [Delivery ID] => bed320bf8137c706491a5707594cd245
            [Date] => Oct 19, 2022 @ 22:59
            [URL] => https://api.printful.com/hook/woocommerce?store=8902845
            [Duration] => 0.39367
            [Request] => Array
                (
                    [Method] => POST
                    [Headers] => Array
                        (
                            [User-Agent] => WooCommerce/7.0.0 Hookshot (WordPress/6.0.3)
                            [Content-Type] => application/json
                            [X-WC-Webhook-Source] => https://ensmerchshop.xyz/
                            [X-WC-Webhook-Topic] => product.updated
                            [X-WC-Webhook-Resource] => product
                            [X-WC-Webhook-Event] => updated
                            [X-WC-Webhook-Signature] => J5lCJLjNYzEpKyLtbtWwpGPuCZGqRqzQoDO4Lc4xlHc=
                            [X-WC-Webhook-ID] => 2
                            [X-WC-Webhook-Delivery-ID] => bed320bf8137c706491a5707594cd245
                        )

                )

            [Body] => Webhook body is not logged unless WP_DEBUG mode is turned on. This is to avoid the storing of personal data in the logs.
            [Response] => Array
                (
                    [Code] => 200
                    [Message] => OK
                    [Headers] => Requests_Utility_CaseInsensitiveDictionary Object
                        (
                            [data:protected] => Array
                                (
                                    [date] => Wed, 19 Oct 2022 22:59:08 GMT
                                    [content-type] => text/html; charset=UTF-8
                                    [vary] => Accept-Encoding
                                    [cf-cache-status] => DYNAMIC
                                    [set-cookie] => __cf_bm=z8orDQXRPx6NwuvStwMRWgQ9XzVwKPa_Ie9j0sJXgfs-1666220348-0-ARoXekpLIZqdRfSu7tROa2WBJB0ffw1Vw3OpcOeiiAsz0KB1CqVKQdPhJWv3lta9jEJye+KgX33tWB+R466BlPI=; path=/; expires=Wed, 19-Oct-22 23:29:08 GMT; domain=.printful.com; HttpOnly; Secure; SameSite=None
                                    [strict-transport-security] => max-age=31536000; includeSubDomains; preload
                                    [x-content-type-options] => nosniff
                                    [server] => cloudflare
                                    [cf-ray] => 75cd1f583a573300-EWR
                                    [content-encoding] => gzip
                                    [alt-svc] => h3=":443"; ma=86400, h3-29=":443"; ma=86400
                                )

                        )

                    [Body] => Webhook body is not logged unless WP_DEBUG mode is turned on. This is to avoid the storing of personal data in the logs.
                )

        )

)

