2022-10-20T07:03:35+00:00 INFO Array
(
    [Webhook Delivery] => Array
        (
            [Delivery ID] => 785b5572eef6ade80ce9c9f21358b6ea
            [Date] => Oct 20, 2022 @ 7:03
            [URL] => https://api.printful.com/hook/woocommerce?store=8902845
            [Duration] => 0.32455
            [Request] => Array
                (
                    [Method] => POST
                    [Headers] => Array
                        (
                            [User-Agent] => WooCommerce/7.0.0 Hookshot (WordPress/6.0.3)
                            [Content-Type] => application/json
                            [X-WC-Webhook-Source] => https://ensmerchshop.xyz/
                            [X-WC-Webhook-Topic] => product.updated
                            [X-WC-Webhook-Resource] => product
                            [X-WC-Webhook-Event] => updated
                            [X-WC-Webhook-Signature] => EnhVvByUBFhvwV1husA8sP6GdyAgXfZm+u/fyT0uWnw=
                            [X-WC-Webhook-ID] => 2
                            [X-WC-Webhook-Delivery-ID] => 785b5572eef6ade80ce9c9f21358b6ea
                        )

                )

            [Body] => Webhook body is not logged unless WP_DEBUG mode is turned on. This is to avoid the storing of personal data in the logs.
            [Response] => Array
                (
                    [Code] => 200
                    [Message] => OK
                    [Headers] => Requests_Utility_CaseInsensitiveDictionary Object
                        (
                            [data:protected] => Array
                                (
                                    [date] => Thu, 20 Oct 2022 07:03:35 GMT
                                    [content-type] => text/html; charset=UTF-8
                                    [vary] => Accept-Encoding
                                    [cf-cache-status] => DYNAMIC
                                    [set-cookie] => __cf_bm=IVBO3drgjUYALftjg4vPPKnLN4fEvTT6EHvtmbykf2U-1666249415-0-ART5bjk+TerG+v3Cotesce4epEiNrjwCfZcbqATYYp6uNotwHttoSZfgBRDJIhWoRFR0ux9KFLqgvfI9KrKFLT4=; path=/; expires=Thu, 20-Oct-22 07:33:35 GMT; domain=.printful.com; HttpOnly; Secure; SameSite=None
                                    [strict-transport-security] => max-age=31536000; includeSubDomains; preload
                                    [x-content-type-options] => nosniff
                                    [server] => cloudflare
                                    [cf-ray] => 75cfe4fdd873efe9-EWR
                                    [content-encoding] => gzip
                                    [alt-svc] => h3=":443"; ma=86400, h3-29=":443"; ma=86400
                                )

                        )

                    [Body] => Webhook body is not logged unless WP_DEBUG mode is turned on. This is to avoid the storing of personal data in the logs.
                )

        )

)

2022-10-20T07:04:44+00:00 INFO Array
(
    [Webhook Delivery] => Array
        (
            [Delivery ID] => c08f60227ff6ae008837e87a8630d78e
            [Date] => Oct 20, 2022 @ 7:04
            [URL] => https://api.printful.com/hook/woocommerce?store=8902845
            [Duration] => 0.35051
            [Request] => Array
                (
                    [Method] => POST
                    [Headers] => Array
                        (
                            [User-Agent] => WooCommerce/7.0.0 Hookshot (WordPress/6.0.3)
                            [Content-Type] => application/json
                            [X-WC-Webhook-Source] => https://ensmerchshop.xyz/
                            [X-WC-Webhook-Topic] => product.updated
                            [X-WC-Webhook-Resource] => product
                            [X-WC-Webhook-Event] => updated
                            [X-WC-Webhook-Signature] => +JpV2fGAnokrx4st70TXDYn8DAmbTYDFBx86Kvn6hnI=
                            [X-WC-Webhook-ID] => 2
                            [X-WC-Webhook-Delivery-ID] => c08f60227ff6ae008837e87a8630d78e
                        )

                )

            [Body] => Webhook body is not logged unless WP_DEBUG mode is turned on. This is to avoid the storing of personal data in the logs.
            [Response] => Array
                (
                    [Code] => 200
                    [Message] => OK
                    [Headers] => Requests_Utility_CaseInsensitiveDictionary Object
                        (
                            [data:protected] => Array
                                (
                                    [date] => Thu, 20 Oct 2022 07:04:44 GMT
                                    [content-type] => text/html; charset=UTF-8
                                    [vary] => Accept-Encoding
                                    [cf-cache-status] => DYNAMIC
                                    [set-cookie] => __cf_bm=jSr56yluA8kOjn.sIRE5D.ENIC6j56Q_BJm2I0lEtSQ-1666249484-0-AQc/Kxgd3tHu9gzAtZa24txshk9ft6AVz7UEN8oVIDmVusR2umLYt7/IFj7lPlhPt4btVFk5Z+m4Z1Ys4MovMjs=; path=/; expires=Thu, 20-Oct-22 07:34:44 GMT; domain=.printful.com; HttpOnly; Secure; SameSite=None
                                    [strict-transport-security] => max-age=31536000; includeSubDomains; preload
                                    [x-content-type-options] => nosniff
                                    [server] => cloudflare
                                    [cf-ray] => 75cfe6ad9bf88c95-EWR
                                    [content-encoding] => gzip
                                    [alt-svc] => h3=":443"; ma=86400, h3-29=":443"; ma=86400
                                )

                        )

                    [Body] => Webhook body is not logged unless WP_DEBUG mode is turned on. This is to avoid the storing of personal data in the logs.
                )

        )

)

2022-10-20T07:05:47+00:00 INFO Array
(
    [Webhook Delivery] => Array
        (
            [Delivery ID] => ef027b0529418accf1cb8b2aec4a278b
            [Date] => Oct 20, 2022 @ 7:05
            [URL] => https://api.printful.com/hook/woocommerce?store=8902845
            [Duration] => 0.30996
            [Request] => Array
                (
                    [Method] => POST
                    [Headers] => Array
                        (
                            [User-Agent] => WooCommerce/7.0.0 Hookshot (WordPress/6.0.3)
                            [Content-Type] => application/json
                            [X-WC-Webhook-Source] => https://ensmerchshop.xyz/
                            [X-WC-Webhook-Topic] => product.updated
                            [X-WC-Webhook-Resource] => product
                            [X-WC-Webhook-Event] => updated
                            [X-WC-Webhook-Signature] => y1Gc1s1MaUwljeIpx82bY3SKxJfS4aqSd1Nmygl8ATY=
                            [X-WC-Webhook-ID] => 2
                            [X-WC-Webhook-Delivery-ID] => ef027b0529418accf1cb8b2aec4a278b
                        )

                )

            [Body] => Webhook body is not logged unless WP_DEBUG mode is turned on. This is to avoid the storing of personal data in the logs.
            [Response] => Array
                (
                    [Code] => 200
                    [Message] => OK
                    [Headers] => Requests_Utility_CaseInsensitiveDictionary Object
                        (
                            [data:protected] => Array
                                (
                                    [date] => Thu, 20 Oct 2022 07:05:47 GMT
                                    [content-type] => text/html; charset=UTF-8
                                    [vary] => Accept-Encoding
                                    [cf-cache-status] => DYNAMIC
                                    [set-cookie] => __cf_bm=Ij4TPJRGCVWmp9sIyMiJuR2Wlwt2rmVP4Sr9.l2oodA-1666249547-0-AZWTcXgitOH4HIekccxGSJU8JXryAc6VKKxFBoTmqCWsgDHOrxiTYJnMwnymygkbpwHZdrwIKWXYWJIBhoH9Ujk=; path=/; expires=Thu, 20-Oct-22 07:35:47 GMT; domain=.printful.com; HttpOnly; Secure; SameSite=None
                                    [strict-transport-security] => max-age=31536000; includeSubDomains; preload
                                    [x-content-type-options] => nosniff
                                    [server] => cloudflare
                                    [cf-ray] => 75cfe8375e5f1879-EWR
                                    [content-encoding] => gzip
                                    [alt-svc] => h3=":443"; ma=86400, h3-29=":443"; ma=86400
                                )

                        )

                    [Body] => Webhook body is not logged unless WP_DEBUG mode is turned on. This is to avoid the storing of personal data in the logs.
                )

        )

)

2022-10-20T07:06:49+00:00 INFO Array
(
    [Webhook Delivery] => Array
        (
            [Delivery ID] => c8f90f4fb21f98b689dde946638b4fdb
            [Date] => Oct 20, 2022 @ 7:06
            [URL] => https://api.printful.com/hook/woocommerce?store=8902845
            [Duration] => 0.38369
            [Request] => Array
                (
                    [Method] => POST
                    [Headers] => Array
                        (
                            [User-Agent] => WooCommerce/7.0.0 Hookshot (WordPress/6.0.3)
                            [Content-Type] => application/json
                            [X-WC-Webhook-Source] => https://ensmerchshop.xyz/
                            [X-WC-Webhook-Topic] => product.updated
                            [X-WC-Webhook-Resource] => product
                            [X-WC-Webhook-Event] => updated
                            [X-WC-Webhook-Signature] => FOuA/EEcn/gSp2n/IMmixWAc3/5qjxCadYoia2eo5/M=
                            [X-WC-Webhook-ID] => 2
                            [X-WC-Webhook-Delivery-ID] => c8f90f4fb21f98b689dde946638b4fdb
                        )

                )

            [Body] => Webhook body is not logged unless WP_DEBUG mode is turned on. This is to avoid the storing of personal data in the logs.
            [Response] => Array
                (
                    [Code] => 200
                    [Message] => OK
                    [Headers] => Requests_Utility_CaseInsensitiveDictionary Object
                        (
                            [data:protected] => Array
                                (
                                    [date] => Thu, 20 Oct 2022 07:06:49 GMT
                                    [content-type] => text/html; charset=UTF-8
                                    [vary] => Accept-Encoding
                                    [cf-cache-status] => DYNAMIC
                                    [set-cookie] => __cf_bm=V8cGW953ldLNR5eyUQhLexx8c7_AProW9lu57Rseyr0-1666249609-0-AXJavn8hJgKez+IEkMqdd5wyLRZ/57T0CfYXA2MWeXXHNg79Ov4uOehZYgkm4lvhunp30D1PihuzYQnCOEpyt8I=; path=/; expires=Thu, 20-Oct-22 07:36:49 GMT; domain=.printful.com; HttpOnly; Secure; SameSite=None
                                    [strict-transport-security] => max-age=31536000; includeSubDomains; preload
                                    [x-content-type-options] => nosniff
                                    [server] => cloudflare
                                    [cf-ray] => 75cfe9bb281718bc-EWR
                                    [content-encoding] => gzip
                                    [alt-svc] => h3=":443"; ma=86400, h3-29=":443"; ma=86400
                                )

                        )

                    [Body] => Webhook body is not logged unless WP_DEBUG mode is turned on. This is to avoid the storing of personal data in the logs.
                )

        )

)

2022-10-20T07:09:37+00:00 INFO Array
(
    [Webhook Delivery] => Array
        (
            [Delivery ID] => a1c6835af353109eeb85af36fecf102e
            [Date] => Oct 20, 2022 @ 7:09
            [URL] => https://api.printful.com/hook/woocommerce?store=8902845
            [Duration] => 0.3743
            [Request] => Array
                (
                    [Method] => POST
                    [Headers] => Array
                        (
                            [User-Agent] => WooCommerce/7.0.0 Hookshot (WordPress/6.0.3)
                            [Content-Type] => application/json
                            [X-WC-Webhook-Source] => https://ensmerchshop.xyz/
                            [X-WC-Webhook-Topic] => product.updated
                            [X-WC-Webhook-Resource] => product
                            [X-WC-Webhook-Event] => updated
                            [X-WC-Webhook-Signature] => FK7CkWrwWlsgN4h1mcuWR5n7bK+giQfWav0dxtrGJ94=
                            [X-WC-Webhook-ID] => 2
                            [X-WC-Webhook-Delivery-ID] => a1c6835af353109eeb85af36fecf102e
                        )

                )

            [Body] => Webhook body is not logged unless WP_DEBUG mode is turned on. This is to avoid the storing of personal data in the logs.
            [Response] => Array
                (
                    [Code] => 200
                    [Message] => OK
                    [Headers] => Requests_Utility_CaseInsensitiveDictionary Object
                        (
                            [data:protected] => Array
                                (
                                    [date] => Thu, 20 Oct 2022 07:09:37 GMT
                                    [content-type] => text/html; charset=UTF-8
                                    [vary] => Accept-Encoding
                                    [cf-cache-status] => DYNAMIC
                                    [set-cookie] => __cf_bm=X8oYiMLYBgV8lxudL737o6yqA0g0n5QG36RqEOQLB0U-1666249777-0-ATDx/8Lz7GpV1mnO8xtOxYxJEAP3FdNRfnpXfOiOMMa0u8QKDzt4h+ev2WUNxrpg86zaFSmRaW3E1GgjmKO+n8A=; path=/; expires=Thu, 20-Oct-22 07:39:37 GMT; domain=.printful.com; HttpOnly; Secure; SameSite=None
                                    [strict-transport-security] => max-age=31536000; includeSubDomains; preload
                                    [x-content-type-options] => nosniff
                                    [server] => cloudflare
                                    [cf-ray] => 75cfedd5cc8dc425-EWR
                                    [content-encoding] => gzip
                                    [alt-svc] => h3=":443"; ma=86400, h3-29=":443"; ma=86400
                                )

                        )

                    [Body] => Webhook body is not logged unless WP_DEBUG mode is turned on. This is to avoid the storing of personal data in the logs.
                )

        )

)

2022-10-20T07:10:42+00:00 INFO Array
(
    [Webhook Delivery] => Array
        (
            [Delivery ID] => d4f66c05f6b67a541d6fed1b8accaad6
            [Date] => Oct 20, 2022 @ 7:10
            [URL] => https://api.printful.com/hook/woocommerce?store=8902845
            [Duration] => 0.36917
            [Request] => Array
                (
                    [Method] => POST
                    [Headers] => Array
                        (
                            [User-Agent] => WooCommerce/7.0.0 Hookshot (WordPress/6.0.3)
                            [Content-Type] => application/json
                            [X-WC-Webhook-Source] => https://ensmerchshop.xyz/
                            [X-WC-Webhook-Topic] => product.updated
                            [X-WC-Webhook-Resource] => product
                            [X-WC-Webhook-Event] => updated
                            [X-WC-Webhook-Signature] => hwg1BPSXDsoBstB5IZhsemLIdpSanzfEfc2Be0OQFTk=
                            [X-WC-Webhook-ID] => 2
                            [X-WC-Webhook-Delivery-ID] => d4f66c05f6b67a541d6fed1b8accaad6
                        )

                )

            [Body] => Webhook body is not logged unless WP_DEBUG mode is turned on. This is to avoid the storing of personal data in the logs.
            [Response] => Array
                (
                    [Code] => 200
                    [Message] => OK
                    [Headers] => Requests_Utility_CaseInsensitiveDictionary Object
                        (
                            [data:protected] => Array
                                (
                                    [date] => Thu, 20 Oct 2022 07:10:42 GMT
                                    [content-type] => text/html; charset=UTF-8
                                    [vary] => Accept-Encoding
                                    [cf-cache-status] => DYNAMIC
                                    [set-cookie] => __cf_bm=MzaT_ki5ALcN6R8c8TQ3q4wqzwCMK9GysWmOmUDI790-1666249842-0-AccPAaDYKr6xPEMmssObhfTOHJ4bqssFmUm1b9Ojn7ABMC0bE07O1YRn5UF4x1iKMs4TcZrMQBQBMhVnwJrfvxA=; path=/; expires=Thu, 20-Oct-22 07:40:42 GMT; domain=.printful.com; HttpOnly; Secure; SameSite=None
                                    [strict-transport-security] => max-age=31536000; includeSubDomains; preload
                                    [x-content-type-options] => nosniff
                                    [server] => cloudflare
                                    [cf-ray] => 75cfef692e1a17b9-EWR
                                    [content-encoding] => gzip
                                    [alt-svc] => h3=":443"; ma=86400, h3-29=":443"; ma=86400
                                )

                        )

                    [Body] => Webhook body is not logged unless WP_DEBUG mode is turned on. This is to avoid the storing of personal data in the logs.
                )

        )

)

2022-10-20T07:11:45+00:00 INFO Array
(
    [Webhook Delivery] => Array
        (
            [Delivery ID] => 6cb9ec5a48d37cccd481e4e1d833e441
            [Date] => Oct 20, 2022 @ 7:11
            [URL] => https://api.printful.com/hook/woocommerce?store=8902845
            [Duration] => 0.33228
            [Request] => Array
                (
                    [Method] => POST
                    [Headers] => Array
                        (
                            [User-Agent] => WooCommerce/7.0.0 Hookshot (WordPress/6.0.3)
                            [Content-Type] => application/json
                            [X-WC-Webhook-Source] => https://ensmerchshop.xyz/
                            [X-WC-Webhook-Topic] => product.updated
                            [X-WC-Webhook-Resource] => product
                            [X-WC-Webhook-Event] => updated
                            [X-WC-Webhook-Signature] => 9SMVDfjYnIw1tlCHQyI8u2y2RSPKHs3fjTmbRdmeMiA=
                            [X-WC-Webhook-ID] => 2
                            [X-WC-Webhook-Delivery-ID] => 6cb9ec5a48d37cccd481e4e1d833e441
                        )

                )

            [Body] => Webhook body is not logged unless WP_DEBUG mode is turned on. This is to avoid the storing of personal data in the logs.
            [Response] => Array
                (
                    [Code] => 200
                    [Message] => OK
                    [Headers] => Requests_Utility_CaseInsensitiveDictionary Object
                        (
                            [data:protected] => Array
                                (
                                    [date] => Thu, 20 Oct 2022 07:11:45 GMT
                                    [content-type] => text/html; charset=UTF-8
                                    [vary] => Accept-Encoding
                                    [cf-cache-status] => DYNAMIC
                                    [set-cookie] => __cf_bm=JW76yeGZJRZqGOCMwlE7FLv5hGprJI4bG9Ivfqqr4_c-1666249905-0-AUfNMeegCiPLOGFWxacyJK8uUa4o2Uemfkhklc5LTH3Ahrv/tct/NjzIyv78wCUeI90/wvb+lTmLIAZV84K2VJQ=; path=/; expires=Thu, 20-Oct-22 07:41:45 GMT; domain=.printful.com; HttpOnly; Secure; SameSite=None
                                    [strict-transport-security] => max-age=31536000; includeSubDomains; preload
                                    [x-content-type-options] => nosniff
                                    [server] => cloudflare
                                    [cf-ray] => 75cff0f2a92c1a03-EWR
                                    [content-encoding] => gzip
                                    [alt-svc] => h3=":443"; ma=86400, h3-29=":443"; ma=86400
                                )

                        )

                    [Body] => Webhook body is not logged unless WP_DEBUG mode is turned on. This is to avoid the storing of personal data in the logs.
                )

        )

)

2022-10-20T07:15:39+00:00 INFO Array
(
    [Webhook Delivery] => Array
        (
            [Delivery ID] => 810cae1305b150e0237cd58fc9e8f9e1
            [Date] => Oct 20, 2022 @ 7:15
            [URL] => https://api.printful.com/hook/woocommerce?store=8902845
            [Duration] => 0.46514
            [Request] => Array
                (
                    [Method] => POST
                    [Headers] => Array
                        (
                            [User-Agent] => WooCommerce/7.0.0 Hookshot (WordPress/6.0.3)
                            [Content-Type] => application/json
                            [X-WC-Webhook-Source] => https://ensmerchshop.xyz/
                            [X-WC-Webhook-Topic] => product.updated
                            [X-WC-Webhook-Resource] => product
                            [X-WC-Webhook-Event] => updated
                            [X-WC-Webhook-Signature] => 5fbcrFbS4wdbuSN2v1So7V0B3ktImspaA8vlPoW7pDo=
                            [X-WC-Webhook-ID] => 2
                            [X-WC-Webhook-Delivery-ID] => 810cae1305b150e0237cd58fc9e8f9e1
                        )

                )

            [Body] => Webhook body is not logged unless WP_DEBUG mode is turned on. This is to avoid the storing of personal data in the logs.
            [Response] => Array
                (
                    [Code] => 200
                    [Message] => OK
                    [Headers] => Requests_Utility_CaseInsensitiveDictionary Object
                        (
                            [data:protected] => Array
                                (
                                    [date] => Thu, 20 Oct 2022 07:15:39 GMT
                                    [content-type] => text/html; charset=UTF-8
                                    [vary] => Accept-Encoding
                                    [cf-cache-status] => DYNAMIC
                                    [set-cookie] => __cf_bm=z2zq.9Z2YPpmy1XHmggAloW_55gR9vRPwiM.RQlMcPU-1666250139-0-Acupd2VgmHQOw5RDTqAmRi4+JkCJ7QhPZ9vE8gGVOk4GlJhnzVY3/AibkCFSvV9TkvJdKoHTJCWC81J5etBptVc=; path=/; expires=Thu, 20-Oct-22 07:45:39 GMT; domain=.printful.com; HttpOnly; Secure; SameSite=None
                                    [strict-transport-security] => max-age=31536000; includeSubDomains; preload
                                    [x-content-type-options] => nosniff
                                    [server] => cloudflare
                                    [cf-ray] => 75cff6a878428cd7-EWR
                                    [content-encoding] => gzip
                                    [alt-svc] => h3=":443"; ma=86400, h3-29=":443"; ma=86400
                                )

                        )

                    [Body] => Webhook body is not logged unless WP_DEBUG mode is turned on. This is to avoid the storing of personal data in the logs.
                )

        )

)

2022-10-20T07:16:38+00:00 INFO Array
(
    [Webhook Delivery] => Array
        (
            [Delivery ID] => a29c6a20c9a13e45b5b604a6dba8a043
            [Date] => Oct 20, 2022 @ 7:16
            [URL] => https://api.printful.com/hook/woocommerce?store=8902845
            [Duration] => 0.32044
            [Request] => Array
                (
                    [Method] => POST
                    [Headers] => Array
                        (
                            [User-Agent] => WooCommerce/7.0.0 Hookshot (WordPress/6.0.3)
                            [Content-Type] => application/json
                            [X-WC-Webhook-Source] => https://ensmerchshop.xyz/
                            [X-WC-Webhook-Topic] => product.updated
                            [X-WC-Webhook-Resource] => product
                            [X-WC-Webhook-Event] => updated
                            [X-WC-Webhook-Signature] => TES6R9LdJsP1JIdI91vY3dBMqjj3n/sFQEX8BYKkpLo=
                            [X-WC-Webhook-ID] => 2
                            [X-WC-Webhook-Delivery-ID] => a29c6a20c9a13e45b5b604a6dba8a043
                        )

                )

            [Body] => Webhook body is not logged unless WP_DEBUG mode is turned on. This is to avoid the storing of personal data in the logs.
            [Response] => Array
                (
                    [Code] => 200
                    [Message] => OK
                    [Headers] => Requests_Utility_CaseInsensitiveDictionary Object
                        (
                            [data:protected] => Array
                                (
                                    [date] => Thu, 20 Oct 2022 07:16:38 GMT
                                    [content-type] => text/html; charset=UTF-8
                                    [vary] => Accept-Encoding
                                    [cf-cache-status] => DYNAMIC
                                    [set-cookie] => __cf_bm=elyE_JJJIm.ZdVWaPcBjvsp_8LmnAVEiIw3GmuHlSjc-1666250198-0-AROsg51Cp1XgFLNjUh2+tKqdl3Yt+1GLQedzoQqUILww2q2B5JoXcmhnwKCqNSWZ5FEc2OmlhLVmiZGo4Fvg5M0=; path=/; expires=Thu, 20-Oct-22 07:46:38 GMT; domain=.printful.com; HttpOnly; Secure; SameSite=None
                                    [strict-transport-security] => max-age=31536000; includeSubDomains; preload
                                    [x-content-type-options] => nosniff
                                    [server] => cloudflare
                                    [cf-ray] => 75cff81a79a6c411-EWR
                                    [content-encoding] => gzip
                                    [alt-svc] => h3=":443"; ma=86400, h3-29=":443"; ma=86400
                                )

                        )

                    [Body] => Webhook body is not logged unless WP_DEBUG mode is turned on. This is to avoid the storing of personal data in the logs.
                )

        )

)

2022-10-20T07:17:46+00:00 INFO Array
(
    [Webhook Delivery] => Array
        (
            [Delivery ID] => 2d035afe30dc3efa1257103acfa3df39
            [Date] => Oct 20, 2022 @ 7:17
            [URL] => https://api.printful.com/hook/woocommerce?store=8902845
            [Duration] => 0.31999
            [Request] => Array
                (
                    [Method] => POST
                    [Headers] => Array
                        (
                            [User-Agent] => WooCommerce/7.0.0 Hookshot (WordPress/6.0.3)
                            [Content-Type] => application/json
                            [X-WC-Webhook-Source] => https://ensmerchshop.xyz/
                            [X-WC-Webhook-Topic] => product.updated
                            [X-WC-Webhook-Resource] => product
                            [X-WC-Webhook-Event] => updated
                            [X-WC-Webhook-Signature] => n4Qiy+86v0Q9e34oDE7ygUbNky2wMlajK/uypxceoDI=
                            [X-WC-Webhook-ID] => 2
                            [X-WC-Webhook-Delivery-ID] => 2d035afe30dc3efa1257103acfa3df39
                        )

                )

            [Body] => Webhook body is not logged unless WP_DEBUG mode is turned on. This is to avoid the storing of personal data in the logs.
            [Response] => Array
                (
                    [Code] => 200
                    [Message] => OK
                    [Headers] => Requests_Utility_CaseInsensitiveDictionary Object
                        (
                            [data:protected] => Array
                                (
                                    [date] => Thu, 20 Oct 2022 07:17:46 GMT
                                    [content-type] => text/html; charset=UTF-8
                                    [vary] => Accept-Encoding
                                    [cf-cache-status] => DYNAMIC
                                    [set-cookie] => __cf_bm=MXH9W32BTPCI0Fpz76WTrGn8gxZF8W0Xo5AtnJUEVL8-1666250266-0-AfFpRH6VyHdP95sMaAfRUwZZr2JhXc3Nm1fGKo5plvFEhW2OA7QysXxcsVrxAZ1fPdc4vuB/jr8nqHUVIYj4ixc=; path=/; expires=Thu, 20-Oct-22 07:47:46 GMT; domain=.printful.com; HttpOnly; Secure; SameSite=None
                                    [strict-transport-security] => max-age=31536000; includeSubDomains; preload
                                    [x-content-type-options] => nosniff
                                    [server] => cloudflare
                                    [cf-ray] => 75cff9c50ad41916-EWR
                                    [content-encoding] => gzip
                                    [alt-svc] => h3=":443"; ma=86400, h3-29=":443"; ma=86400
                                )

                        )

                    [Body] => Webhook body is not logged unless WP_DEBUG mode is turned on. This is to avoid the storing of personal data in the logs.
                )

        )

)

2022-10-20T07:18:10+00:00 INFO Array
(
    [Webhook Delivery] => Array
        (
            [Delivery ID] => 3cd0fdb964d1328feb681147d8f9a348
            [Date] => Oct 20, 2022 @ 7:18
            [URL] => https://api.printful.com/hook/woocommerce?store=8902845
            [Duration] => 0.41762
            [Request] => Array
                (
                    [Method] => POST
                    [Headers] => Array
                        (
                            [User-Agent] => WooCommerce/7.0.0 Hookshot (WordPress/6.0.3)
                            [Content-Type] => application/json
                            [X-WC-Webhook-Source] => https://ensmerchshop.xyz/
                            [X-WC-Webhook-Topic] => product.updated
                            [X-WC-Webhook-Resource] => product
                            [X-WC-Webhook-Event] => updated
                            [X-WC-Webhook-Signature] => IFCsCpzsNkkfSKQEBwKiH9O4LfdFz4cNMBXh0ZRFt98=
                            [X-WC-Webhook-ID] => 2
                            [X-WC-Webhook-Delivery-ID] => 3cd0fdb964d1328feb681147d8f9a348
                        )

                )

            [Body] => Webhook body is not logged unless WP_DEBUG mode is turned on. This is to avoid the storing of personal data in the logs.
            [Response] => Array
                (
                    [Code] => 200
                    [Message] => OK
                    [Headers] => Requests_Utility_CaseInsensitiveDictionary Object
                        (
                            [data:protected] => Array
                                (
                                    [date] => Thu, 20 Oct 2022 07:18:10 GMT
                                    [content-type] => text/html; charset=UTF-8
                                    [vary] => Accept-Encoding
                                    [cf-cache-status] => DYNAMIC
                                    [set-cookie] => __cf_bm=xg13MgznN9s4ahP4JsQ3xmxma88E5v6KJuGj22bHAXk-1666250290-0-Ac0+kf2VIdCQ3zwOMI7Ff+VMoyCsZRt9QPf4orHeSBISWnHjf6t61pbVmp7rFtN6JYPRO1VY/NiHijqsJwz2vZM=; path=/; expires=Thu, 20-Oct-22 07:48:10 GMT; domain=.printful.com; HttpOnly; Secure; SameSite=None
                                    [strict-transport-security] => max-age=31536000; includeSubDomains; preload
                                    [x-content-type-options] => nosniff
                                    [server] => cloudflare
                                    [cf-ray] => 75cffa59ad89334e-EWR
                                    [content-encoding] => gzip
                                    [alt-svc] => h3=":443"; ma=86400, h3-29=":443"; ma=86400
                                )

                        )

                    [Body] => Webhook body is not logged unless WP_DEBUG mode is turned on. This is to avoid the storing of personal data in the logs.
                )

        )

)

2022-10-20T07:19:20+00:00 INFO Array
(
    [Webhook Delivery] => Array
        (
            [Delivery ID] => 6b61300656c4cb14eea8fe3d9978a974
            [Date] => Oct 20, 2022 @ 7:19
            [URL] => https://api.printful.com/hook/woocommerce?store=8902845
            [Duration] => 0.44037
            [Request] => Array
                (
                    [Method] => POST
                    [Headers] => Array
                        (
                            [User-Agent] => WooCommerce/7.0.0 Hookshot (WordPress/6.0.3)
                            [Content-Type] => application/json
                            [X-WC-Webhook-Source] => https://ensmerchshop.xyz/
                            [X-WC-Webhook-Topic] => product.updated
                            [X-WC-Webhook-Resource] => product
                            [X-WC-Webhook-Event] => updated
                            [X-WC-Webhook-Signature] => 1jUiJXKzKcVVq30cfrZYF48sLQJ3EFpiQCBwWhTtNKI=
                            [X-WC-Webhook-ID] => 2
                            [X-WC-Webhook-Delivery-ID] => 6b61300656c4cb14eea8fe3d9978a974
                        )

                )

            [Body] => Webhook body is not logged unless WP_DEBUG mode is turned on. This is to avoid the storing of personal data in the logs.
            [Response] => Array
                (
                    [Code] => 200
                    [Message] => OK
                    [Headers] => Requests_Utility_CaseInsensitiveDictionary Object
                        (
                            [data:protected] => Array
                                (
                                    [date] => Thu, 20 Oct 2022 07:19:20 GMT
                                    [content-type] => text/html; charset=UTF-8
                                    [vary] => Accept-Encoding
                                    [cf-cache-status] => DYNAMIC
                                    [set-cookie] => __cf_bm=Y4qBJxTYJ5GdCQ.opCypdTEuRMTG6p0Nu3JcOl6IlUg-1666250360-0-AZL7ebbdIu1jii2CLnDQHw9T6iCq1g2vNDA7XvxCEePloiNwEiwtdhFGf5dnyiE+eWDY+uiu8Z+LUznuKaMLI5g=; path=/; expires=Thu, 20-Oct-22 07:49:20 GMT; domain=.printful.com; HttpOnly; Secure; SameSite=None
                                    [strict-transport-security] => max-age=31536000; includeSubDomains; preload
                                    [x-content-type-options] => nosniff
                                    [server] => cloudflare
                                    [cf-ray] => 75cffc0f0ff4187d-EWR
                                    [content-encoding] => gzip
                                    [alt-svc] => h3=":443"; ma=86400, h3-29=":443"; ma=86400
                                )

                        )

                    [Body] => Webhook body is not logged unless WP_DEBUG mode is turned on. This is to avoid the storing of personal data in the logs.
                )

        )

)

