2022-10-17T20:49:57+00:00 INFO Array
(
    [Webhook Delivery] => Array
        (
            [Delivery ID] => 23eada58f87d06afb2bf0ac392a65cb1
            [Date] => Oct 17, 2022 @ 20:49
            [URL] => https://api.printful.com/hook/woocommerce?store=8902845
            [Duration] => 0.17209
            [Request] => Array
                (
                    [Method] => POST
                    [Headers] => Array
                        (
                            [User-Agent] => WooCommerce/7.0.0 Hookshot (WordPress/6.0.2)
                            [Content-Type] => application/json
                            [X-WC-Webhook-Source] => https://ensmerchshop.xyz/
                            [X-WC-Webhook-Topic] => action.woocommerce_order_status_processing
                            [X-WC-Webhook-Resource] => action
                            [X-WC-Webhook-Event] => woocommerce_order_status_processing
                            [X-WC-Webhook-Signature] => cLJIvmZHETTMIqqtyBDrAsjsVRmZmugzyurAEIkpFC8=
                            [X-WC-Webhook-ID] => 1
                            [X-WC-Webhook-Delivery-ID] => 23eada58f87d06afb2bf0ac392a65cb1
                        )

                )

            [Body] => Webhook body is not logged unless WP_DEBUG mode is turned on. This is to avoid the storing of personal data in the logs.
            [Response] => Array
                (
                    [Code] => 200
                    [Message] => OK
                    [Headers] => Requests_Utility_CaseInsensitiveDictionary Object
                        (
                            [data:protected] => Array
                                (
                                    [date] => Mon, 17 Oct 2022 20:49:57 GMT
                                    [content-type] => text/html; charset=UTF-8
                                    [vary] => Accept-Encoding
                                    [cf-cache-status] => DYNAMIC
                                    [set-cookie] => __cf_bm=zAqokuYrIv2x_XpGnOmQ.m5duJ9YU9ofp.ryEoQTBsM-1666039797-0-AQu3BvXqdcPmm+0mENtD7CYoKkAcEjGdrzlXcuo0OmzUKlNbxr2G0j/iz+i1GYTZyJyxXq4qzU/4kwfXBwHu4po=; path=/; expires=Mon, 17-Oct-22 21:19:57 GMT; domain=.printful.com; HttpOnly; Secure; SameSite=None
                                    [strict-transport-security] => max-age=31536000; includeSubDomains; preload
                                    [x-content-type-options] => nosniff
                                    [server] => cloudflare
                                    [cf-ray] => 75bbe7608b108ca5-EWR
                                    [content-encoding] => gzip
                                    [alt-svc] => h3=":443"; ma=86400, h3-29=":443"; ma=86400
                                )

                        )

                    [Body] => Webhook body is not logged unless WP_DEBUG mode is turned on. This is to avoid the storing of personal data in the logs.
                )

        )

)

