2022-10-03T21:15:41+00:00 INFO Array
(
    [Webhook Delivery] => Array
        (
            [Delivery ID] => 741ffd476b156da25f7b1ca54c82be78
            [Date] => Oct 3, 2022 @ 21:15
            [URL] => https://api.printful.com/hook/woocommerce?store=8902845
            [Duration] => 0.48311
            [Request] => Array
                (
                    [Method] => POST
                    [Headers] => Array
                        (
                            [User-Agent] => WooCommerce/6.9.4 Hookshot (WordPress/6.0.2)
                            [Content-Type] => application/json
                            [X-WC-Webhook-Source] => https://ensmerchshop.xyz/
                            [X-WC-Webhook-Topic] => product.updated
                            [X-WC-Webhook-Resource] => product
                            [X-WC-Webhook-Event] => updated
                            [X-WC-Webhook-Signature] => SG+PY3+AQw+mUlITkCNaJ+n4RvzFPzctOUJBWa5Qomk=
                            [X-WC-Webhook-ID] => 2
                            [X-WC-Webhook-Delivery-ID] => 741ffd476b156da25f7b1ca54c82be78
                        )

                )

            [Body] => Webhook body is not logged unless WP_DEBUG mode is turned on. This is to avoid the storing of personal data in the logs.
            [Response] => Array
                (
                    [Code] => 200
                    [Message] => OK
                    [Headers] => Requests_Utility_CaseInsensitiveDictionary Object
                        (
                            [data:protected] => Array
                                (
                                    [date] => Mon, 03 Oct 2022 21:15:41 GMT
                                    [content-type] => text/html; charset=UTF-8
                                    [vary] => Accept-Encoding
                                    [cf-cache-status] => DYNAMIC
                                    [set-cookie] => __cf_bm=LMct_xXp687co.TNsaANJ7beIRphEI0JXvmRueqPj0Q-1664831741-0-Aawod17NMYZlEeTSb2Wzt6CWKA7svWmDL9K+gES0bZYfRT0rUrfvM4JPMR+DVe24uryTdjztqbv8TxJkR4PVQKA=; path=/; expires=Mon, 03-Oct-22 21:45:41 GMT; domain=.printful.com; HttpOnly; Secure; SameSite=None
                                    [strict-transport-security] => max-age=31536000; includeSubDomains; preload
                                    [x-content-type-options] => nosniff
                                    [server] => cloudflare
                                    [cf-ray] => 7548b1d01de818bc-EWR
                                    [content-encoding] => gzip
                                    [alt-svc] => h3=":443"; ma=86400, h3-29=":443"; ma=86400
                                )

                        )

                    [Body] => Webhook body is not logged unless WP_DEBUG mode is turned on. This is to avoid the storing of personal data in the logs.
                )

        )

)

